[18/02/2022 - 00:38:59] INFO [skyvortex59#8455] a utilisé la commande [ping]
[18/02/2022 - 00:42:17] INFO [skyvortex59#8455] a utilisé la commande [ping]
[18/02/2022 - 00:42:59] INFO [skyvortex59#8455] a utilisé la commande [ping]
[18/02/2022 - 00:43:55] INFO [skyvortex59#8455] a utilisé la commande [ping]
[18/02/2022 - 00:59:06] INFO [skyvortex59#8455] a utilisé la commande [avatar]
[18/02/2022 - 01:02:21] INFO [skyvortex59#8455] a utilisé la commande [avatar]
[18/02/2022 - 01:02:48] INFO [skyvortex59#8455] a utilisé la commande [ping]
[18/02/2022 - 01:02:53] INFO [skyvortex59#8455] a utilisé la commande [avatar]
[18/02/2022 - 23:47:38] INFO [skyvortex59#8455] a utilisé la commande [help]
[18/02/2022 - 23:49:40] INFO [skyvortex59#8455] a utilisé la commande [help]
[18/02/2022 - 23:52:15] INFO [skyvortex59#8455] a utilisé la commande [help]
[18/02/2022 - 23:52:38] INFO [skyvortex59#8455] a utilisé la commande [help]
[18/02/2022 - 23:54:31] INFO [skyvortex59#8455] a utilisé la commande [help]
[18/02/2022 - 23:56:07] INFO [skyvortex59#8455] a utilisé la commande [help]
[19/02/2022 - 00:04:03] INFO [skyvortex59#8455] a utilisé la commande [help]
[19/02/2022 - 00:04:12] INFO [skyvortex59#8455] a utilisé la commande [avatar]
[19/02/2022 - 00:05:56] INFO [skyvortex59#8455] a utilisé la commande [help]
[19/02/2022 - 00:12:31] INFO [skyvortex59#8455] a utilisé la commande [help]
[19/02/2022 - 00:13:40] INFO [skyvortex59#8455] a utilisé la commande [help]
[19/02/2022 - 00:17:37] INFO [skyvortex59#8455] a utilisé la commande [help]
[19/02/2022 - 00:17:52] INFO [skyvortex59#8455] a utilisé la commande [help]
[19/02/2022 - 00:18:06] INFO [skyvortex59#8455] a utilisé la commande [help]
[19/02/2022 - 00:18:21] INFO [skyvortex59#8455] a utilisé la commande [help]
[19/02/2022 - 00:18:34] INFO [skyvortex59#8455] a utilisé la commande [help]
[19/02/2022 - 00:20:14] INFO [skyvortex59#8455] a utilisé la commande [help]
[19/02/2022 - 00:22:08] INFO [skyvortex59#8455] a utilisé la commande [help]
[19/02/2022 - 00:24:33] INFO [skyvortex59#8455] a utilisé la commande [2022]
[19/02/2022 - 00:26:44] INFO [skyvortex59#8455] a utilisé la commande [info]
[19/02/2022 - 00:27:10] INFO [skyvortex59#8455] a utilisé la commande [info]
[19/02/2022 - 00:30:06] INFO [skyvortex59#8455] a utilisé la commande [avatar]
[19/02/2022 - 00:34:10] INFO [skyvortex59#8455] a utilisé la commande [2022]
[20/02/2022 - 21:42:27] INFO [skyvortex59#8455] a utilisé la commande [help]
[20/02/2022 - 21:42:33] INFO [skyvortex59#8455] a utilisé la commande [2022]
[20/02/2022 - 21:43:19] INFO [skyvortex59#8455] a utilisé la commande [2022]
[20/02/2022 - 21:48:17] INFO [skyvortex59#8455] a utilisé la commande [help]
[20/02/2022 - 21:49:11] INFO [skyvortex59#8455] a utilisé la commande [help]
[20/02/2022 - 21:49:42] INFO [skyvortex59#8455] a utilisé la commande [help]
[20/02/2022 - 21:50:51] INFO [skyvortex59#8455] a utilisé la commande [help]
[20/02/2022 - 21:51:17] INFO [skyvortex59#8455] a utilisé la commande [help]
[20/02/2022 - 21:51:36] INFO [skyvortex59#8455] a utilisé la commande [help]
[20/02/2022 - 21:51:47] INFO [skyvortex59#8455] a utilisé la commande [help]
[20/02/2022 - 21:52:37] INFO [skyvortex59#8455] a utilisé la commande [help]
[20/02/2022 - 21:52:55] INFO [skyvortex59#8455] a utilisé la commande [help]
[20/02/2022 - 21:53:14] INFO [skyvortex59#8455] a utilisé la commande [help]
[20/02/2022 - 21:54:59] INFO [skyvortex59#8455] a utilisé la commande [help]
[20/02/2022 - 21:55:17] INFO [skyvortex59#8455] a utilisé la commande [help]
[20/02/2022 - 21:59:46] INFO [skyvortex59#8455] a utilisé la commande [help]
[20/02/2022 - 22:02:53] INFO [skyvortex59#8455] a utilisé la commande [help]
[21/02/2022 - 14:13:39] INFO [skyvortex59#8455] a utilisé la commande [help]
[21/02/2022 - 14:14:22] INFO [skyvortex59#8455] a utilisé la commande [help]
[21/02/2022 - 14:14:32] INFO [skyvortex59#8455] a utilisé la commande [help]
[21/02/2022 - 17:27:11] INFO [skyvortex59#8455] a utilisé la commande [help]
[21/02/2022 - 17:29:08] INFO [skyvortex59#8455] a utilisé la commande [help]
[21/02/2022 - 17:30:43] INFO [skyvortex59#8455] a utilisé la commande [help]
[21/02/2022 - 17:32:22] INFO [skyvortex59#8455] a utilisé la commande [help]
[21/02/2022 - 17:32:38] INFO [skyvortex59#8455] a utilisé la commande [help]
[21/02/2022 - 17:33:45] INFO [skyvortex59#8455] a utilisé la commande [help]
[21/02/2022 - 17:34:06] INFO [skyvortex59#8455] a utilisé la commande [help]
[21/02/2022 - 17:35:19] INFO [skyvortex59#8455] a utilisé la commande [help]
[21/02/2022 - 17:36:02] INFO [skyvortex59#8455] a utilisé la commande [help]
[21/02/2022 - 17:36:59] INFO [skyvortex59#8455] a utilisé la commande [help]
[21/02/2022 - 17:37:19] INFO [skyvortex59#8455] a utilisé la commande [help]
[21/02/2022 - 17:37:43] INFO [skyvortex59#8455] a utilisé la commande [help]
[21/02/2022 - 17:38:00] INFO [skyvortex59#8455] a utilisé la commande [help]
[21/02/2022 - 17:38:35] INFO [skyvortex59#8455] a utilisé la commande [help]
[21/02/2022 - 17:38:53] INFO [skyvortex59#8455] a utilisé la commande [help]
[21/02/2022 - 17:40:02] INFO [skyvortex59#8455] a utilisé la commande [help]
[21/02/2022 - 18:35:08] INFO [skyvortex59#8455] a utilisé la commande [help]
[21/02/2022 - 18:36:01] INFO [skyvortex59#8455] a utilisé la commande [help]
[21/02/2022 - 18:36:43] INFO [skyvortex59#8455] a utilisé la commande [help]
[21/02/2022 - 18:37:15] INFO [skyvortex59#8455] a utilisé la commande [help]
[21/02/2022 - 18:37:38] INFO [skyvortex59#8455] a utilisé la commande [help]
[21/02/2022 - 18:38:05] INFO [skyvortex59#8455] a utilisé la commande [help]
[21/02/2022 - 18:38:32] INFO [skyvortex59#8455] a utilisé la commande [help]
[21/02/2022 - 18:38:48] INFO [skyvortex59#8455] a utilisé la commande [help]
[21/02/2022 - 18:39:41] INFO [skyvortex59#8455] a utilisé la commande [help]
[21/02/2022 - 18:42:13] INFO [skyvortex59#8455] a utilisé la commande [help]
[21/02/2022 - 18:47:32] INFO [skyvortex59#8455] a utilisé la commande [help]
[21/02/2022 - 18:48:41] INFO [skyvortex59#8455] a utilisé la commande [help]
[21/02/2022 - 18:48:52] INFO [skyvortex59#8455] a utilisé la commande [help]
[21/02/2022 - 18:49:22] INFO [skyvortex59#8455] a utilisé la commande [help]
[21/02/2022 - 18:50:12] INFO [skyvortex59#8455] a utilisé la commande [help]
[21/02/2022 - 18:50:31] INFO [skyvortex59#8455] a utilisé la commande [help]
[21/02/2022 - 18:50:52] INFO [skyvortex59#8455] a utilisé la commande [help]
[21/02/2022 - 18:52:54] INFO [skyvortex59#8455] a utilisé la commande [help]
[21/02/2022 - 21:29:08] INFO [skyvortex59#8455] a utilisé la commande [help]
[21/02/2022 - 21:43:39] INFO [skyvortex59#8455] a utilisé la commande [help]
[21/02/2022 - 21:43:57] INFO [skyvortex59#8455] a utilisé la commande [help]
[21/02/2022 - 21:49:49] INFO [skyvortex59#8455] a utilisé la commande [help]
[21/02/2022 - 21:50:39] INFO [skyvortex59#8455] a utilisé la commande [help]
[21/02/2022 - 23:14:13] INFO [skyvortex59#8455] a utilisé la commande [clear]
[21/02/2022 - 23:16:31] INFO [skyvortex59#8455] a utilisé la commande [clear]
[21/02/2022 - 23:30:12] INFO [skyvortex59#8455] a utilisé la commande [clear]
[21/02/2022 - 23:31:10] INFO [skyvortex59#8455] a utilisé la commande [clear]
[21/02/2022 - 23:39:11] INFO [skyvortex59#8455] a utilisé la commande [clear]
[21/02/2022 - 23:39:26] INFO [skyvortex59#8455] a utilisé la commande [clear]
[21/02/2022 - 23:39:40] INFO [skyvortex59#8455] a utilisé la commande [clear]
[21/02/2022 - 23:40:11] INFO [skyvortex59#8455] a utilisé la commande [clear]
[21/02/2022 - 23:40:16] INFO [skyvortex59#8455] a utilisé la commande [clear]
[21/02/2022 - 23:40:39] INFO [skyvortex59#8455] a utilisé la commande [clear]
[21/02/2022 - 23:44:59] INFO [skyvortex59#8455] a utilisé la commande [clear]
[21/02/2022 - 23:45:06] INFO [skyvortex59#8455] a utilisé la commande [clear]
[23/02/2022 - 21:29:34] INFO [skyvortex59#8455] a utilisé la commande [clear]
[23/02/2022 - 21:30:25] INFO [skyvortex59#8455] a utilisé la commande [clear]
[23/02/2022 - 21:31:21] INFO [skyvortex59#8455] a utilisé la commande [clear]
[23/02/2022 - 21:33:59] INFO [skyvortex59#8455] a utilisé la commande [info]
[23/02/2022 - 21:34:40] INFO [skyvortex59#8455] a utilisé la commande [info]
[23/02/2022 - 21:35:24] INFO [skyvortex59#8455] a utilisé la commande [info]
[23/02/2022 - 21:35:43] INFO [skyvortex59#8455] a utilisé la commande [info]
[23/02/2022 - 21:38:15] INFO [skyvortex59#8455] a utilisé la commande [info]
[23/02/2022 - 21:38:26] INFO [skyvortex59#8455] a utilisé la commande [clear]
[23/02/2022 - 21:38:58] INFO [skyvortex59#8455] a utilisé la commande [clear]
[23/02/2022 - 21:39:22] INFO [skyvortex59#8455] a utilisé la commande [info]
[23/02/2022 - 21:42:52] INFO [skyvortex59#8455] a utilisé la commande [info]
[23/02/2022 - 21:43:13] INFO [skyvortex59#8455] a utilisé la commande [info]
[23/02/2022 - 21:43:46] INFO [skyvortex59#8455] a utilisé la commande [info]
[23/02/2022 - 21:43:59] INFO [skyvortex59#8455] a utilisé la commande [info]
[23/02/2022 - 21:45:18] INFO [skyvortex59#8455] a utilisé la commande [info]
[23/02/2022 - 21:45:49] INFO [skyvortex59#8455] a utilisé la commande [info]
[23/02/2022 - 21:46:21] INFO [skyvortex59#8455] a utilisé la commande [info]
[23/02/2022 - 21:49:12] INFO [skyvortex59#8455] a utilisé la commande [info]
[23/02/2022 - 21:49:25] INFO [skyvortex59#8455] a utilisé la commande [info]
[23/02/2022 - 21:50:36] INFO [skyvortex59#8455] a utilisé la commande [info]
[23/02/2022 - 21:51:47] INFO [skyvortex59#8455] a utilisé la commande [info]
[23/02/2022 - 21:52:24] INFO [skyvortex59#8455] a utilisé la commande [info]
[23/02/2022 - 21:52:39] INFO [skyvortex59#8455] a utilisé la commande [info]
[23/02/2022 - 21:52:55] INFO [skyvortex59#8455] a utilisé la commande [info]
[23/02/2022 - 21:55:21] INFO [skyvortex59#8455] a utilisé la commande [info]
[23/02/2022 - 21:56:21] INFO [skyvortex59#8455] a utilisé la commande [info]
[23/02/2022 - 21:57:54] INFO [skyvortex59#8455] a utilisé la commande [info]
[23/02/2022 - 21:58:14] INFO [skyvortex59#8455] a utilisé la commande [info]
[23/02/2022 - 22:00:59] INFO [skyvortex59#8455] a utilisé la commande [info]
[23/02/2022 - 22:02:18] INFO [skyvortex59#8455] a utilisé la commande [info]
[23/02/2022 - 22:02:34] INFO [skyvortex59#8455] a utilisé la commande [info]
[23/02/2022 - 22:03:11] INFO [skyvortex59#8455] a utilisé la commande [info]
[23/02/2022 - 22:03:40] INFO [skyvortex59#8455] a utilisé la commande [info]
[23/02/2022 - 22:04:01] INFO [skyvortex59#8455] a utilisé la commande [info]
[23/02/2022 - 22:04:35] INFO [skyvortex59#8455] a utilisé la commande [info]
[23/02/2022 - 22:05:08] INFO [skyvortex59#8455] a utilisé la commande [info]
[23/02/2022 - 22:06:01] INFO [skyvortex59#8455] a utilisé la commande [info]
[23/02/2022 - 22:08:35] INFO [skyvortex59#8455] a utilisé la commande [info]
[23/02/2022 - 22:09:11] INFO [skyvortex59#8455] a utilisé la commande [info]
[23/02/2022 - 22:09:48] INFO [skyvortex59#8455] a utilisé la commande [info]
[23/02/2022 - 22:11:05] INFO [skyvortex59#8455] a utilisé la commande [info]
[23/02/2022 - 22:12:09] INFO [skyvortex59#8455] a utilisé la commande [info]
[23/02/2022 - 22:13:26] INFO [skyvortex59#8455] a utilisé la commande [info]
[23/02/2022 - 22:13:54] INFO [skyvortex59#8455] a utilisé la commande [info]
[23/02/2022 - 22:14:13] INFO [skyvortex59#8455] a utilisé la commande [info]
[24/02/2022 - 23:40:22] INFO [skyvortex59#8455] a utilisé la commande [roles]
[24/02/2022 - 23:40:34] INFO [skyvortex59#8455] a utilisé la commande [roles]
[24/02/2022 - 23:48:02] INFO [skyvortex59#8455] a utilisé la commande [roles]
[24/02/2022 - 23:49:23] INFO [skyvortex59#8455] a utilisé la commande [roles]
[24/02/2022 - 23:50:03] INFO [skyvortex59#8455] a utilisé la commande [roles]
[25/02/2022 - 00:00:44] INFO [skyvortex59#8455] a utilisé la commande [roles]
[25/02/2022 - 00:01:28] INFO [skyvortex59#8455] a utilisé la commande [roles]
[25/02/2022 - 00:03:24] INFO [skyvortex59#8455] a utilisé la commande [roles]
[25/02/2022 - 00:14:08] INFO [skyvortex59#8455] a utilisé la commande [roles]
[25/02/2022 - 00:15:37] INFO [skyvortex59#8455] a utilisé la commande [roles]
[25/02/2022 - 00:17:40] INFO [skyvortex59#8455] a utilisé la commande [roles]
[25/02/2022 - 00:17:55] INFO [skyvortex59#8455] a utilisé la commande [roles]
[04/03/2022 - 19:52:21] INFO [TANYA#8455] a utilisé la commande [deploy]
[04/03/2022 - 19:52:44] INFO [TANYA#8455] a utilisé la commande [deploy]
[04/03/2022 - 19:53:02] INFO [TANYA#8455] a utilisé la commande [deploy]
[04/03/2022 - 19:53:20] INFO [TANYA#8455] a utilisé la commande [deploy]
[04/03/2022 - 19:53:46] INFO [TANYA#8455] a utilisé la commande [deploy]
[05/03/2022 - 15:12:57] INFO [TANYA#8455] a utilisé la commande [ping]
[05/03/2022 - 15:13:05] INFO [TANYA#8455] a utilisé la commande [roles]
[05/03/2022 - 15:14:12] INFO [TANYA#8455] a utilisé la commande [roles]
[05/03/2022 - 15:14:53] INFO [TANYA#8455] a utilisé la commande [roles]
[05/03/2022 - 15:16:30] INFO [TANYA#8455] a utilisé la commande [roles]
[05/03/2022 - 15:21:26] INFO [TANYA#8455] a utilisé la commande [roles]
[07/03/2022 - 20:12:45] INFO [Chaos#0867] a utilisé la commande [roles]
[07/03/2022 - 20:13:45] INFO [TANYA#8455] a utilisé la commande [roles]
[07/03/2022 - 20:14:07] INFO [TANYA#8455] a utilisé la commande [roles]
[07/03/2022 - 20:15:09] INFO [TANYA#8455] a utilisé la commande [roles]
[07/03/2022 - 20:20:38] INFO [TANYA#8455] a utilisé la commande [roles]
[07/03/2022 - 20:21:43] INFO [TANYA#8455] a utilisé la commande [roles]
[07/03/2022 - 20:22:04] INFO [TANYA#8455] a utilisé la commande [roles]
[07/03/2022 - 20:23:03] INFO [TANYA#8455] a utilisé la commande [roles]
[07/03/2022 - 20:23:31] INFO [TANYA#8455] a utilisé la commande [roles]
[07/03/2022 - 20:23:54] INFO [TANYA#8455] a utilisé la commande [roles]
[07/03/2022 - 20:24:05] INFO [TANYA#8455] a utilisé la commande [roles]
[07/03/2022 - 20:24:23] INFO [TANYA#8455] a utilisé la commande [roles]
[07/03/2022 - 20:24:43] INFO [TANYA#8455] a utilisé la commande [roles]
[07/03/2022 - 20:24:59] INFO [TANYA#8455] a utilisé la commande [roles]
[07/03/2022 - 20:25:14] INFO [TANYA#8455] a utilisé la commande [roles]
[07/03/2022 - 20:25:49] INFO [TANYA#8455] a utilisé la commande [roles]
[07/03/2022 - 20:26:35] INFO [TANYA#8455] a utilisé la commande [roles]
[07/03/2022 - 20:26:52] INFO [TANYA#8455] a utilisé la commande [roles]
[07/03/2022 - 20:28:07] INFO [TANYA#8455] a utilisé la commande [roles]
[07/03/2022 - 20:34:32] INFO [TANYA#8455] a utilisé la commande [roles]
[07/03/2022 - 20:46:41] INFO [TANYA#8455] a utilisé la commande [roles]
[07/03/2022 - 20:53:26] INFO [TANYA#8455] a utilisé la commande [roles]
[07/03/2022 - 21:18:54] INFO [TANYA#8455] a utilisé la commande [roles]
[07/03/2022 - 21:54:17] INFO [TANYA#8455] a utilisé la commande [roles]
[07/03/2022 - 21:54:55] INFO [TANYA#8455] a utilisé la slash commande [roles]
[07/03/2022 - 22:02:04] INFO [TANYA#8455] a utilisé la commande [roles]
[07/03/2022 - 22:02:26] INFO [TANYA#8455] a utilisé la commande [roles]
[07/03/2022 - 22:02:49] INFO [TANYA#8455] a utilisé la commande [roles]
[07/03/2022 - 22:04:08] INFO [TANYA#8455] a utilisé la commande [avatar]
[07/03/2022 - 22:04:20] INFO [TANYA#8455] a utilisé la commande [clear]
[07/03/2022 - 22:04:30] INFO [TANYA#8455] a utilisé la commande [help]
[07/03/2022 - 22:04:43] INFO [TANYA#8455] a utilisé la commande [ping]
[07/03/2022 - 22:04:51] INFO [TANYA#8455] a utilisé la commande [roles]
[07/03/2022 - 22:04:55] INFO [TANYA#8455] a utilisé la commande [roles]
[07/03/2022 - 22:05:13] INFO [TANYA#8455] a utilisé la commande [info]
[07/03/2022 - 22:14:46] INFO [TANYA#8455] a utilisé la commande [roles]
[07/03/2022 - 22:14:57] INFO [TANYA#8455] a utilisé la commande [roles]
[07/03/2022 - 22:15:15] INFO [TANYA#8455] a utilisé la commande [roles]
[07/03/2022 - 22:15:29] INFO [TANYA#8455] a utilisé la commande [roles]
[07/03/2022 - 22:18:24] INFO [TANYA#8455] a utilisé la commande [roles]
[07/03/2022 - 22:18:40] INFO [TANYA#8455] a utilisé la commande [roles]
[07/03/2022 - 22:19:27] INFO [TANYA#8455] a utilisé la commande [roles]
[07/03/2022 - 22:19:39] INFO [TANYA#8455] a utilisé la commande [roles]
[07/03/2022 - 22:20:32] INFO [TANYA#8455] a utilisé la commande [avatar]
[07/03/2022 - 22:21:10] INFO [TANYA#8455] a utilisé la commande [avatar]
[07/03/2022 - 22:21:47] INFO [TANYA#8455] a utilisé la commande [avatar]
[07/03/2022 - 22:22:35] INFO [TANYA#8455] a utilisé la commande [roles]
[07/03/2022 - 22:23:29] INFO [TANYA#8455] a utilisé la commande [roles]
[07/03/2022 - 22:24:17] INFO [TANYA#8455] a utilisé la commande [roles]
[07/03/2022 - 22:24:37] INFO [TANYA#8455] a utilisé la commande [roles]
[07/03/2022 - 22:24:53] INFO [TANYA#8455] a utilisé la commande [roles]
[07/03/2022 - 22:25:14] INFO [TANYA#8455] a utilisé la commande [roles]
[07/03/2022 - 22:25:37] INFO [TANYA#8455] a utilisé la commande [roles]
[07/03/2022 - 22:25:52] INFO [TANYA#8455] a utilisé la commande [roles]
[07/03/2022 - 22:34:12] INFO [TANYA#8455] a utilisé la commande [roles]
[07/03/2022 - 22:34:17] INFO [TANYA#8455] a utilisé la commande [roles]
[07/03/2022 - 22:34:32] INFO [TANYA#8455] a utilisé la commande [roles]
[07/03/2022 - 22:34:57] INFO [TANYA#8455] a utilisé la commande [roles]
[07/03/2022 - 22:35:50] INFO [TANYA#8455] a utilisé la commande [roles]
[07/03/2022 - 22:36:46] INFO [TANYA#8455] a utilisé la commande [roles]
[07/03/2022 - 22:39:41] INFO [TANYA#8455] a utilisé la commande [roles]
[07/03/2022 - 22:41:57] INFO [TANYA#8455] a utilisé la commande [roles]
[07/03/2022 - 22:44:44] INFO [TANYA#8455] a utilisé la commande [roles]
[07/03/2022 - 22:49:21] INFO [TANYA#8455] a utilisé la commande [roles]
[07/03/2022 - 22:54:42] INFO [TANYA#8455] a utilisé la commande [roles]
[07/03/2022 - 22:57:10] INFO [TANYA#8455] a utilisé la commande [roles]
[07/03/2022 - 22:57:43] INFO [TANYA#8455] a utilisé la commande [roles]
[07/03/2022 - 22:58:11] INFO [TANYA#8455] a utilisé la commande [roles]
[07/03/2022 - 22:58:45] INFO [TANYA#8455] a utilisé la commande [roles]
[07/03/2022 - 22:59:50] INFO [TANYA#8455] a utilisé la commande [roles]
[07/03/2022 - 23:00:26] INFO [TANYA#8455] a utilisé la commande [roles]
[07/03/2022 - 23:00:54] INFO [TANYA#8455] a utilisé la commande [roles]
[07/03/2022 - 23:02:13] INFO [TANYA#8455] a utilisé la commande [roles]
[07/03/2022 - 23:03:43] INFO [TANYA#8455] a utilisé la commande [roles]
[07/03/2022 - 23:04:32] INFO [TANYA#8455] a utilisé la commande [roles]
[07/03/2022 - 23:04:57] INFO [TANYA#8455] a utilisé la commande [roles]
[07/03/2022 - 23:05:48] INFO [TANYA#8455] a utilisé la commande [roles]
[07/03/2022 - 23:06:29] INFO [TANYA#8455] a utilisé la commande [roles]
[07/03/2022 - 23:06:39] INFO [TANYA#8455] a utilisé la commande [roles]
[07/03/2022 - 23:10:45] INFO [TANYA#8455] a utilisé la commande [roles]
[07/03/2022 - 23:11:17] INFO [TANYA#8455] a utilisé la commande [roles]
[07/03/2022 - 23:13:16] INFO [TANYA#8455] a utilisé la commande [roles]
[07/03/2022 - 23:15:43] INFO [TANYA#8455] a utilisé la commande [roles]
[07/03/2022 - 23:25:11] INFO [TANYA#8455] a utilisé la commande [roles]
[07/03/2022 - 23:25:57] INFO [TANYA#8455] a utilisé la commande [roles]
[07/03/2022 - 23:28:48] INFO [TANYA#8455] a utilisé la commande [roles]
[07/03/2022 - 23:31:00] INFO [TANYA#8455] a utilisé la commande [roles]
[07/03/2022 - 23:31:25] INFO [TANYA#8455] a utilisé la commande [roles]
[07/03/2022 - 23:33:03] INFO [TANYA#8455] a utilisé la commande [roles]
[07/03/2022 - 23:34:03] INFO [TANYA#8455] a utilisé la commande [roles]
[07/03/2022 - 23:34:14] INFO [TANYA#8455] a utilisé la commande [roles]
[07/03/2022 - 23:39:05] INFO [TANYA#8455] a utilisé la commande [roles]
[07/03/2022 - 23:39:17] INFO [TANYA#8455] a utilisé la commande [roles]
[07/03/2022 - 23:39:40] INFO [TANYA#8455] a utilisé la commande [roles]
[07/03/2022 - 23:45:23] INFO [TANYA#8455] a utilisé la commande [roles]
[07/03/2022 - 23:47:14] INFO [TANYA#8455] a utilisé la commande [roles]
[07/03/2022 - 23:47:56] INFO [TANYA#8455] a utilisé la commande [roles]
[07/03/2022 - 23:48:34] INFO [TANYA#8455] a utilisé la commande [roles]
[07/03/2022 - 23:48:53] INFO [TANYA#8455] a utilisé la commande [roles]
[07/03/2022 - 23:49:21] INFO [TANYA#8455] a utilisé la commande [roles]
[07/03/2022 - 23:49:38] INFO [TANYA#8455] a utilisé la commande [roles]
[07/03/2022 - 23:50:04] INFO [TANYA#8455] a utilisé la commande [roles]
[07/03/2022 - 23:50:32] INFO [TANYA#8455] a utilisé la commande [roles]
[07/03/2022 - 23:51:11] INFO [TANYA#8455] a utilisé la commande [roles]
[07/03/2022 - 23:51:43] INFO [TANYA#8455] a utilisé la commande [roles]
[07/03/2022 - 23:52:00] INFO [TANYA#8455] a utilisé la commande [roles]
[07/03/2022 - 23:53:11] INFO [TANYA#8455] a utilisé la commande [roles]
[07/03/2022 - 23:53:46] INFO [TANYA#8455] a utilisé la commande [roles]
[07/03/2022 - 23:54:17] INFO [TANYA#8455] a utilisé la commande [roles]
[07/03/2022 - 23:55:58] INFO [TANYA#8455] a utilisé la commande [roles]
[07/03/2022 - 23:56:28] INFO [TANYA#8455] a utilisé la commande [roles]
[07/03/2022 - 23:56:54] INFO [TANYA#8455] a utilisé la commande [roles]
[07/03/2022 - 23:57:33] INFO [TANYA#8455] a utilisé la commande [roles]
[07/03/2022 - 23:58:04] INFO [TANYA#8455] a utilisé la commande [roles]
[07/03/2022 - 23:59:06] INFO [TANYA#8455] a utilisé la commande [roles]
[08/03/2022 - 00:03:48] INFO [TANYA#8455] a utilisé la commande [roles]
[08/03/2022 - 00:04:16] INFO [TANYA#8455] a utilisé la commande [roles]
[08/03/2022 - 00:04:28] INFO [TANYA#8455] a utilisé la commande [roles]
[08/03/2022 - 00:05:09] INFO [TANYA#8455] a utilisé la commande [roles]
[08/03/2022 - 00:05:36] INFO [TANYA#8455] a utilisé la commande [roles]
[08/03/2022 - 00:06:14] INFO [TANYA#8455] a utilisé la commande [roles]
[08/03/2022 - 00:06:33] INFO [TANYA#8455] a utilisé la commande [roles]
[08/03/2022 - 00:07:20] INFO [TANYA#8455] a utilisé la commande [roles]
[08/03/2022 - 00:07:56] INFO [TANYA#8455] a utilisé la commande [roles]
[08/03/2022 - 00:08:28] INFO [TANYA#8455] a utilisé la commande [roles]
[08/03/2022 - 00:09:57] INFO [TANYA#8455] a utilisé la slash commande [roles]
[08/03/2022 - 00:09:57] INFO [FLAM COBRA#2333] a utilisé la slash commande [roles]
[08/03/2022 - 00:12:30] INFO [TANYA#8455] a utilisé la slash commande [roles]
[08/03/2022 - 00:12:54] INFO [TANYA#8455] a utilisé la slash commande [roles]
[11/03/2022 - 01:11:13] INFO [TANYA#8455] a utilisé la slash commande [roles]
[11/03/2022 - 01:12:25] INFO [TANYA#8455] a utilisé la slash commande [roles]
[11/03/2022 - 01:12:25] INFO [Volrod 忍者#0875] a utilisé la slash commande [roles]
[11/03/2022 - 01:17:35] INFO [TANYA#8455] a utilisé la slash commande [roles]
[11/03/2022 - 01:17:35] INFO [Volrod 忍者#0875] a utilisé la slash commande [roles]
[11/03/2022 - 01:18:36] INFO [TANYA#8455] a utilisé la slash commande [roles]
[11/03/2022 - 01:18:36] INFO [Volrod 忍者#0875] a utilisé la slash commande [roles]
[03/04/2022 - 00:04:25] INFO [TANYA#8455] a utilisé la commande [roles]
[03/04/2022 - 00:04:34] INFO [TANYA#8455] a utilisé la commande [roles]
[03/04/2022 - 00:04:53] INFO [TANYA#8455] a utilisé la commande [roles]
[03/04/2022 - 00:06:17] INFO [TANYA#8455] a utilisé la commande [roles]
[03/04/2022 - 00:06:53] INFO [TANYA#8455] a utilisé la commande [roles]
[03/04/2022 - 00:07:12] INFO [TANYA#8455] a utilisé la commande [roles]
[03/04/2022 - 00:08:04] INFO [TANYA#8455] a utilisé la commande [roles]
[03/04/2022 - 00:08:17] INFO [TANYA#8455] a utilisé la commande [roles]
[03/04/2022 - 00:08:45] INFO [TANYA#8455] a utilisé la commande [roles]
[03/04/2022 - 00:10:26] INFO [TANYA#8455] a utilisé la commande [roles]
[03/04/2022 - 00:10:40] INFO [TANYA#8455] a utilisé la commande [roles]
[03/04/2022 - 00:15:54] INFO [TANYA#8455] a utilisé la commande [roles]
[03/04/2022 - 00:16:13] INFO [TANYA#8455] a utilisé la commande [roles]
[03/04/2022 - 00:17:06] INFO [TANYA#8455] a utilisé la commande [roles]
[03/04/2022 - 00:17:14] INFO [TANYA#8455] a utilisé la commande [roles]
[03/04/2022 - 00:22:39] INFO [TANYA#8455] a utilisé la commande [roles]
[03/04/2022 - 00:28:58] INFO [TANYA#8455] a utilisé la commande [roles]
[03/04/2022 - 00:29:32] INFO [TANYA#8455] a utilisé la commande [roles]
[03/04/2022 - 00:30:29] INFO [TANYA#8455] a utilisé la commande [roles]
[03/04/2022 - 00:31:39] INFO [TANYA#8455] a utilisé la commande [roles]
[03/04/2022 - 00:31:54] INFO [TANYA#8455] a utilisé la commande [roles]
[03/04/2022 - 00:32:17] INFO [TANYA#8455] a utilisé la commande [roles]
[03/04/2022 - 00:33:12] INFO [TANYA#8455] a utilisé la commande [roles]
[03/04/2022 - 00:33:25] INFO [TANYA#8455] a utilisé la commande [roles]
[03/04/2022 - 00:35:07] INFO [TANYA#8455] a utilisé la commande [roles]
[03/04/2022 - 00:36:16] INFO [TANYA#8455] a utilisé la commande [roles]
[03/04/2022 - 00:37:36] INFO [TANYA#8455] a utilisé la commande [roles]
[03/04/2022 - 00:38:41] INFO [TANYA#8455] a utilisé la commande [roles]
[03/04/2022 - 00:39:04] INFO [TANYA#8455] a utilisé la commande [roles]
[03/04/2022 - 00:40:45] INFO [TANYA#8455] a utilisé la commande [roles]
[03/04/2022 - 00:41:45] INFO [TANYA#8455] a utilisé la commande [roles]
[03/04/2022 - 00:43:06] INFO [TANYA#8455] a utilisé la commande [roles]
[03/04/2022 - 00:43:33] INFO [TANYA#8455] a utilisé la commande [roles]
[03/04/2022 - 00:45:11] INFO [TANYA#8455] a utilisé la commande [roles]
[03/04/2022 - 00:49:08] INFO [TANYA#8455] a utilisé la commande [roles]
[03/04/2022 - 00:52:29] INFO [TANYA#8455] a utilisé la commande [roles]
[03/04/2022 - 00:53:02] INFO [TANYA#8455] a utilisé la commande [roles]
[03/04/2022 - 00:54:57] INFO [TANYA#8455] a utilisé la commande [roles]
[03/04/2022 - 00:55:35] INFO [TANYA#8455] a utilisé la commande [roles]
[03/04/2022 - 00:55:54] INFO [TANYA#8455] a utilisé la commande [roles]
[03/04/2022 - 00:58:55] INFO [TANYA#8455] a utilisé la commande [roles]
[03/04/2022 - 16:52:14] INFO [TANYA#8455] a utilisé la commande [roles]
[03/04/2022 - 16:53:32] INFO [TANYA#8455] a utilisé la commande [roles]
[03/04/2022 - 16:53:49] INFO [TANYA#8455] a utilisé la commande [roles]
[03/04/2022 - 16:54:15] INFO [TANYA#8455] a utilisé la commande [roles]
[03/04/2022 - 16:54:36] INFO [TANYA#8455] a utilisé la commande [roles]
[03/04/2022 - 16:57:09] INFO [TANYA#8455] a utilisé la commande [roles]
[03/04/2022 - 16:58:02] INFO [TANYA#8455] a utilisé la commande [roles]
[03/04/2022 - 16:58:46] INFO [TANYA#8455] a utilisé la commande [roles]
[03/04/2022 - 16:59:14] INFO [TANYA#8455] a utilisé la commande [roles]
[07/04/2022 - 19:51:27] INFO [TANYA#8455] a utilisé la commande [roles]
[07/04/2022 - 19:52:18] INFO [TANYA#8455] a utilisé la commande [roles]
[07/04/2022 - 19:52:46] INFO [TANYA#8455] a utilisé la commande [roles]
[07/04/2022 - 19:53:19] INFO [TANYA#8455] a utilisé la commande [roles]
[07/04/2022 - 19:53:56] INFO [TANYA#8455] a utilisé la commande [roles]
[07/04/2022 - 19:55:50] INFO [TANYA#8455] a utilisé la commande [roles]
[07/04/2022 - 19:56:02] INFO [TANYA#8455] a utilisé la commande [roles]
[07/04/2022 - 19:56:18] INFO [TANYA#8455] a utilisé la commande [roles]
[07/04/2022 - 19:57:05] INFO [TANYA#8455] a utilisé la commande [roles]
[07/04/2022 - 19:57:29] INFO [TANYA#8455] a utilisé la commande [roles]
[07/04/2022 - 19:58:10] INFO [TANYA#8455] a utilisé la commande [roles]
[07/04/2022 - 19:58:27] INFO [TANYA#8455] a utilisé la commande [roles]
[07/04/2022 - 19:58:46] INFO [TANYA#8455] a utilisé la commande [roles]
[07/04/2022 - 19:59:12] INFO [TANYA#8455] a utilisé la commande [roles]
[07/04/2022 - 19:59:33] INFO [TANYA#8455] a utilisé la commande [roles]
[07/04/2022 - 20:03:00] INFO [TANYA#8455] a utilisé la commande [roles]
[07/04/2022 - 20:03:25] INFO [TANYA#8455] a utilisé la commande [roles]
[07/04/2022 - 20:03:44] INFO [TANYA#8455] a utilisé la commande [roles]
[07/04/2022 - 20:06:12] INFO [TANYA#8455] a utilisé la commande [roles]
[07/04/2022 - 20:07:30] INFO [TANYA#8455] a utilisé la commande [roles]
[07/04/2022 - 20:08:06] INFO [TANYA#8455] a utilisé la commande [roles]
[26/04/2022 - 15:03:36] INFO [TANYA#8455] a utilisé la commande [help]
[26/04/2022 - 15:06:25] INFO [TANYA#8455] a utilisé la commande [help]
[26/04/2022 - 15:09:00] INFO [TANYA#8455] a utilisé la commande [help]
[26/04/2022 - 15:11:01] INFO [TANYA#8455] a utilisé la commande [help]
[26/04/2022 - 15:11:31] INFO [TANYA#8455] a utilisé la commande [help]
[26/04/2022 - 15:11:54] INFO [TANYA#8455] a utilisé la commande [help]
[30/04/2022 - 00:39:38] INFO [TANYA#8455] a utilisé la commande [avatar]
[30/04/2022 - 00:44:09] INFO [TANYA#8455] a utilisé la commande [help]
[30/04/2022 - 00:44:27] INFO [TANYA#8455] a utilisé la commande [help]
[30/04/2022 - 00:44:54] INFO [TANYA#8455] a utilisé la commande [help]
[30/04/2022 - 00:45:40] INFO [TANYA#8455] a utilisé la commande [help]
[30/04/2022 - 00:47:24] INFO [TANYA#8455] a utilisé la commande [help]
[30/04/2022 - 00:47:54] INFO [TANYA#8455] a utilisé la commande [help]
[30/04/2022 - 01:10:30] INFO [TANYA#8455] a utilisé la commande [help]
[02/05/2022 - 22:05:44] INFO [TANYA#8455] a utilisé la commande [roles]
[02/05/2022 - 22:07:28] INFO [TANYA#8455] a utilisé la commande [roles]
[02/05/2022 - 22:08:06] INFO [TANYA#8455] a utilisé la commande [roles]
[02/05/2022 - 22:09:03] INFO [TANYA#8455] a utilisé la commande [roles]
[02/05/2022 - 22:11:22] INFO [TANYA#8455] a utilisé la commande [roles]
[02/05/2022 - 22:12:33] INFO [TANYA#8455] a utilisé la commande [roles]
[02/05/2022 - 22:13:05] INFO [TANYA#8455] a utilisé la commande [roles]
[02/05/2022 - 22:14:25] INFO [TANYA#8455] a utilisé la commande [roles]
[02/05/2022 - 22:17:16] INFO [TANYA#8455] a utilisé la commande [roles]
[02/05/2022 - 22:23:40] INFO [TANYA#8455] a utilisé la commande [roles]
[02/05/2022 - 22:24:08] INFO [TANYA#8455] a utilisé la commande [roles]
[02/05/2022 - 22:24:48] INFO [TANYA#8455] a utilisé la commande [roles]
[02/05/2022 - 22:24:53] INFO [TANYA#8455] a utilisé la commande [roles]
[02/05/2022 - 22:25:25] INFO [TANYA#8455] a utilisé la commande [roles]
[02/05/2022 - 22:25:32] INFO [TANYA#8455] a utilisé la commande [roles]
[02/05/2022 - 22:26:11] INFO [TANYA#8455] a utilisé la commande [roles]
[02/05/2022 - 22:27:17] INFO [TANYA#8455] a utilisé la commande [roles]
[02/05/2022 - 22:28:41] INFO [TANYA#8455] a utilisé la commande [roles]
[02/05/2022 - 22:36:08] INFO [TANYA#8455] a utilisé la commande [roles]
[02/05/2022 - 22:54:10] INFO [TANYA#8455] a utilisé la slash commande [roles]
[02/05/2022 - 23:08:39] INFO [TANYA#8455] a utilisé la commande [roles]
[02/05/2022 - 23:13:55] INFO [TANYA#8455] a utilisé la commande [roles]
[02/05/2022 - 23:14:40] INFO [TANYA#8455] a utilisé la commande [roles]
[02/05/2022 - 23:15:34] INFO [TANYA#8455] a utilisé la commande [roles]
[02/05/2022 - 23:17:07] INFO [TANYA#8455] a utilisé la commande [roles]
[02/05/2022 - 23:17:37] INFO [TANYA#8455] a utilisé la commande [roles]
[02/05/2022 - 23:37:08] INFO [TANYA#8455] a utilisé la commande [roles]
[02/05/2022 - 23:38:45] INFO [TANYA#8455] a utilisé la commande [roles]
[02/05/2022 - 23:39:43] INFO [TANYA#8455] a utilisé la commande [roles]
[02/05/2022 - 23:39:59] INFO [TANYA#8455] a utilisé la commande [roles]
[02/05/2022 - 23:41:21] INFO [TANYA#8455] a utilisé la commande [roles]
[02/05/2022 - 23:41:58] INFO [TANYA#8455] a utilisé la commande [roles]
[02/05/2022 - 23:42:15] INFO [TANYA#8455] a utilisé la commande [roles]
[02/05/2022 - 23:42:32] INFO [TANYA#8455] a utilisé la commande [roles]
[02/05/2022 - 23:43:09] INFO [TANYA#8455] a utilisé la commande [roles]
[02/05/2022 - 23:45:06] INFO [TANYA#8455] a utilisé la commande [roles]
[02/05/2022 - 23:45:16] INFO [TANYA#8455] a utilisé la commande [roles]
[02/05/2022 - 23:45:28] INFO [TANYA#8455] a utilisé la commande [roles]
[02/05/2022 - 23:45:59] INFO [TANYA#8455] a utilisé la commande [roles]
[02/05/2022 - 23:47:08] INFO [TANYA#8455] a utilisé la commande [roles]
[02/05/2022 - 23:47:36] INFO [TANYA#8455] a utilisé la commande [roles]
[02/05/2022 - 23:48:04] INFO [TANYA#8455] a utilisé la commande [roles]
[02/05/2022 - 23:49:09] INFO [TANYA#8455] a utilisé la commande [roles]
[02/05/2022 - 23:49:21] INFO [TANYA#8455] a utilisé la commande [roles]
[02/05/2022 - 23:51:28] INFO [TANYA#8455] a utilisé la commande [roles]
[02/05/2022 - 23:52:13] INFO [TANYA#8455] a utilisé la commande [roles]
[02/05/2022 - 23:52:42] INFO [TANYA#8455] a utilisé la commande [roles]
[02/05/2022 - 23:53:41] INFO [TANYA#8455] a utilisé la commande [roles]
[02/05/2022 - 23:54:09] INFO [TANYA#8455] a utilisé la commande [roles]
[02/05/2022 - 23:54:42] INFO [TANYA#8455] a utilisé la commande [roles]
[02/05/2022 - 23:56:30] INFO [TANYA#8455] a utilisé la commande [roles]
[02/05/2022 - 23:56:48] INFO [TANYA#8455] a utilisé la commande [roles]
[02/05/2022 - 23:57:53] INFO [TANYA#8455] a utilisé la commande [roles]
[02/05/2022 - 23:58:48] INFO [TANYA#8455] a utilisé la commande [roles]
[02/05/2022 - 23:59:06] INFO [TANYA#8455] a utilisé la commande [roles]
[02/05/2022 - 23:59:28] INFO [TANYA#8455] a utilisé la commande [roles]
[03/05/2022 - 00:00:03] INFO [TANYA#8455] a utilisé la commande [roles]
[03/05/2022 - 00:01:29] INFO [TANYA#8455] a utilisé la commande [roles]
[03/05/2022 - 00:07:28] INFO [TANYA#8455] a utilisé la commande [roles]
[03/05/2022 - 00:08:22] INFO [TANYA#8455] a utilisé la commande [roles]
[03/05/2022 - 00:08:49] INFO [TANYA#8455] a utilisé la commande [roles]
[03/05/2022 - 00:10:57] INFO [TANYA#8455] a utilisé la commande [roles]
[03/05/2022 - 00:25:54] INFO [TANYA#8455] a utilisé la commande [roles]
[03/05/2022 - 00:32:18] INFO [TANYA#8455] a utilisé la commande [roles]
[03/05/2022 - 13:19:13] INFO [TANYA#8455] a utilisé la commande [roles]
[03/05/2022 - 13:19:59] INFO [TANYA#8455] a utilisé la commande [roles]
[03/05/2022 - 13:20:28] INFO [TANYA#8455] a utilisé la commande [roles]
[03/05/2022 - 13:20:48] INFO [TANYA#8455] a utilisé la commande [roles]
[03/05/2022 - 13:22:46] INFO [TANYA#8455] a utilisé la commande [roles]
[03/05/2022 - 13:40:25] INFO [TANYA#8455] a utilisé la commande [roles]
[03/05/2022 - 13:41:13] INFO [TANYA#8455] a utilisé la commande [roles]
[03/05/2022 - 13:41:29] INFO [TANYA#8455] a utilisé la commande [roles]
[03/05/2022 - 13:41:54] INFO [TANYA#8455] a utilisé la commande [roles]
[03/05/2022 - 13:43:48] INFO [TANYA#8455] a utilisé la commande [roles]
[03/05/2022 - 13:44:28] INFO [TANYA#8455] a utilisé la commande [roles]
[03/05/2022 - 13:44:45] INFO [TANYA#8455] a utilisé la commande [roles]
[03/05/2022 - 13:45:13] INFO [TANYA#8455] a utilisé la commande [roles]
[03/05/2022 - 13:45:45] INFO [TANYA#8455] a utilisé la commande [roles]
[03/05/2022 - 13:47:18] INFO [TANYA#8455] a utilisé la commande [roles]
[03/05/2022 - 13:48:45] INFO [TANYA#8455] a utilisé la commande [roles]
[03/05/2022 - 13:50:54] INFO [TANYA#8455] a utilisé la commande [roles]
[03/05/2022 - 14:07:56] INFO [TANYA#8455] a utilisé la commande [roles]
[03/05/2022 - 14:12:26] INFO [TANYA#8455] a utilisé la commande [roles]
[03/05/2022 - 14:13:36] INFO [TANYA#8455] a utilisé la commande [roles]
[03/05/2022 - 14:14:01] INFO [TANYA#8455] a utilisé la commande [roles]
[03/05/2022 - 14:14:20] INFO [TANYA#8455] a utilisé la commande [roles]
[03/05/2022 - 14:15:40] INFO [TANYA#8455] a utilisé la commande [roles]
[03/05/2022 - 14:16:30] INFO [TANYA#8455] a utilisé la commande [roles]
[03/05/2022 - 14:16:43] INFO [TANYA#8455] a utilisé la commande [roles]
[03/05/2022 - 14:17:00] INFO [TANYA#8455] a utilisé la commande [roles]
[03/05/2022 - 14:17:23] INFO [TANYA#8455] a utilisé la commande [roles]
[03/05/2022 - 14:19:06] INFO [TANYA#8455] a utilisé la commande [roles]
[03/05/2022 - 14:19:46] INFO [TANYA#8455] a utilisé la commande [roles]
[03/05/2022 - 14:27:49] INFO [TANYA#8455] a utilisé la commande [roles]
[03/05/2022 - 14:32:01] INFO [TANYA#8455] a utilisé la commande [roles]
[03/05/2022 - 14:36:51] INFO [TANYA#8455] a utilisé la commande [roles]
[03/05/2022 - 14:37:21] INFO [TANYA#8455] a utilisé la commande [roles]
[03/05/2022 - 17:07:03] INFO [TANYA#8455] a utilisé la commande [roles]
[03/05/2022 - 17:08:20] INFO [TANYA#8455] a utilisé la commande [roles]
[03/05/2022 - 17:08:30] INFO [TANYA#8455] a utilisé la commande [roles]
[03/05/2022 - 17:14:07] INFO [TANYA#8455] a utilisé la commande [roles]
[03/05/2022 - 17:19:38] INFO [TANYA#8455] a utilisé la commande [roles]
[03/05/2022 - 17:22:34] INFO [TANYA#8455] a utilisé la commande [roles]
[03/05/2022 - 17:29:10] INFO [TANYA#8455] a utilisé la commande [roles]
[03/05/2022 - 17:33:17] INFO [TANYA#8455] a utilisé la commande [roles]
[03/05/2022 - 17:35:50] INFO [TANYA#8455] a utilisé la commande [roles]
[03/05/2022 - 17:37:53] INFO [TANYA#8455] a utilisé la commande [roles]
[03/05/2022 - 17:41:49] INFO [TANYA#8455] a utilisé la commande [roles]
[03/05/2022 - 18:08:40] INFO [TANYA#8455] a utilisé la commande [roles]
[03/05/2022 - 18:09:30] INFO [TANYA#8455] a utilisé la commande [roles]
[03/05/2022 - 18:10:27] INFO [TANYA#8455] a utilisé la commande [roles]
[03/05/2022 - 18:12:44] INFO [TANYA#8455] a utilisé la commande [roles]
[03/05/2022 - 18:14:31] INFO [TANYA#8455] a utilisé la commande [roles]
[03/05/2022 - 18:14:59] INFO [TANYA#8455] a utilisé la commande [roles]
[03/05/2022 - 18:15:22] INFO [TANYA#8455] a utilisé la commande [roles]
[03/05/2022 - 18:16:23] INFO [TANYA#8455] a utilisé la commande [roles]
[03/05/2022 - 18:17:03] INFO [TANYA#8455] a utilisé la commande [roles]
[03/05/2022 - 18:20:21] INFO [TANYA#8455] a utilisé la commande [roles]
[03/05/2022 - 18:22:13] INFO [TANYA#8455] a utilisé la commande [roles]
[03/05/2022 - 18:23:16] INFO [TANYA#8455] a utilisé la commande [roles]
[03/05/2022 - 18:27:34] INFO [TANYA#8455] a utilisé la commande [roles]
[03/05/2022 - 18:32:05] INFO [TANYA#8455] a utilisé la commande [roles]
[03/05/2022 - 18:32:54] INFO [TANYA#8455] a utilisé la commande [roles]
[03/05/2022 - 18:33:13] INFO [TANYA#8455] a utilisé la commande [roles]
[03/05/2022 - 18:34:08] INFO [TANYA#8455] a utilisé la commande [roles]
[03/05/2022 - 18:35:25] INFO [TANYA#8455] a utilisé la commande [roles]
[03/05/2022 - 18:37:25] INFO [TANYA#8455] a utilisé la commande [clear]
[03/05/2022 - 18:40:36] INFO [TANYA#8455] a utilisé la commande [clear]
[03/05/2022 - 18:40:57] INFO [TANYA#8455] a utilisé la commande [clear]
[03/05/2022 - 18:44:30] INFO [TANYA#8455] a utilisé la commande [clear]
[03/05/2022 - 18:44:42] INFO [TANYA#8455] a utilisé la commande [clear]
[03/05/2022 - 18:45:23] INFO [TANYA#8455] a utilisé la commande [clear]
[03/05/2022 - 18:45:38] INFO [TANYA#8455] a utilisé la commande [clear]
[03/05/2022 - 18:46:00] INFO [TANYA#8455] a utilisé la commande [clear]
[03/05/2022 - 18:46:07] INFO [TANYA#8455] a utilisé la commande [clear]
[03/05/2022 - 18:47:28] INFO [TANYA#8455] a utilisé la commande [clear]
[03/05/2022 - 18:48:23] INFO [TANYA#8455] a utilisé la commande [clear]
[03/05/2022 - 18:48:49] INFO [TANYA#8455] a utilisé la commande [clear]
[03/05/2022 - 18:49:29] INFO [TANYA#8455] a utilisé la commande [clear]
[03/05/2022 - 18:49:43] INFO [TANYA#8455] a utilisé la commande [clear]
[03/05/2022 - 18:51:28] INFO [TANYA#8455] a utilisé la commande [roles]
[03/05/2022 - 18:53:07] INFO [TANYA#8455] a utilisé la commande [roles]
[03/05/2022 - 18:53:42] INFO [TANYA#8455] a utilisé la commande [roles]
[03/05/2022 - 18:54:29] INFO [TANYA#8455] a utilisé la commande [roles]
[03/05/2022 - 18:59:32] INFO [TANYA#8455] a utilisé la commande [roles]
[03/05/2022 - 18:59:36] INFO [TANYA#8455] a utilisé la commande [roles]
[03/05/2022 - 19:04:32] INFO [TANYA#8455] a utilisé la commande [roles]
[03/05/2022 - 19:05:23] INFO [TANYA#8455] a utilisé la commande [roles]
[03/05/2022 - 19:05:46] INFO [TANYA#8455] a utilisé la commande [roles]
[03/05/2022 - 19:08:45] INFO [TANYA#8455] a utilisé la commande [roles]
[03/05/2022 - 19:17:08] INFO [TANYA#8455] a utilisé la commande [roles]
[03/05/2022 - 19:18:05] INFO [TANYA#8455] a utilisé la commande [roles]
[03/05/2022 - 19:18:37] INFO [TANYA#8455] a utilisé la commande [roles]
[03/05/2022 - 19:19:03] INFO [TANYA#8455] a utilisé la commande [roles]
[03/05/2022 - 19:20:11] INFO [TANYA#8455] a utilisé la commande [roles]
[03/05/2022 - 19:25:20] INFO [TANYA#8455] a utilisé la commande [roles]
[03/05/2022 - 19:28:54] INFO [TANYA#8455] a utilisé la commande [roles]
[03/05/2022 - 19:31:05] INFO [TANYA#8455] a utilisé la commande [roles]
[03/05/2022 - 19:31:46] INFO [TANYA#8455] a utilisé la commande [roles]
[03/05/2022 - 19:32:21] INFO [TANYA#8455] a utilisé la commande [roles]
[03/05/2022 - 19:53:33] INFO [TANYA#8455] a utilisé la slash commande [roles]
[03/05/2022 - 19:57:54] INFO [TANYA#8455] a utilisé la commande [roles]
[03/05/2022 - 19:58:41] INFO [TANYA#8455] a utilisé la commande [roles]
[03/05/2022 - 20:16:11] INFO [TANYA#8455] a utilisé la slash commande [roles]
[03/05/2022 - 20:16:11] INFO [Volrod 忍者#0875] a utilisé la slash commande [roles]
[03/05/2022 - 20:22:49] INFO [TANYA#8455] a utilisé la slash commande [roles]
[03/05/2022 - 20:29:15] INFO [TANYA#8455] a utilisé la slash commande [roles]
[03/05/2022 - 20:30:39] INFO [TANYA#8455] a utilisé la slash commande [roles]
[03/05/2022 - 20:57:28] INFO [TANYA#8455] a utilisé la commande [roles]
[03/05/2022 - 21:02:03] INFO [TANYA#8455] a utilisé la commande [roles]
[03/05/2022 - 21:03:05] INFO [TANYA#8455] a utilisé la commande [roles]
[03/05/2022 - 23:39:51] INFO [TANYA#8455] a utilisé la slash commande [roles]
[03/05/2022 - 23:55:05] INFO [TANYA#8455] a utilisé la slash commande [roles]
[03/05/2022 - 23:58:23] INFO [TANYA#8455] a utilisé la slash commande [roles]
[04/05/2022 - 00:03:17] INFO [TANYA#8455] a utilisé la slash commande [roles]
[04/05/2022 - 00:03:17] INFO [Volrod 忍者#0875] a utilisé la slash commande [roles]
[04/05/2022 - 00:10:54] INFO [TANYA#8455] a utilisé la slash commande [roles]
[04/05/2022 - 00:11:40] INFO [TANYA#8455] a utilisé la slash commande [roles]
[04/05/2022 - 00:12:03] INFO [TANYA#8455] a utilisé la slash commande [roles]
[04/05/2022 - 00:28:30] INFO [TANYA#8455] a utilisé la slash commande [roles]
[05/05/2022 - 00:37:45] INFO [TANYA#8455] a utilisé la slash commande [roles]
[05/05/2022 - 00:39:28] INFO [TANYA#8455] a utilisé la slash commande [roles]
[05/05/2022 - 00:40:43] INFO [TANYA#8455] a utilisé la slash commande [roles]
[05/05/2022 - 00:41:51] INFO [TANYA#8455] a utilisé la slash commande [roles]
[05/05/2022 - 00:42:18] INFO [TANYA#8455] a utilisé la slash commande [roles]
[05/05/2022 - 00:44:23] INFO [TANYA#8455] a utilisé la slash commande [roles]
[05/05/2022 - 00:48:17] INFO [TANYA#8455] a utilisé la slash commande [roles]
[05/05/2022 - 15:09:42] INFO [TANYA#8455] a utilisé la slash commande [roles]
[05/05/2022 - 15:10:30] INFO [TANYA#8455] a utilisé la slash commande [roles]
[05/05/2022 - 15:12:20] INFO [TANYA#8455] a utilisé la slash commande [roles]
[05/05/2022 - 15:15:11] INFO [TANYA#8455] a utilisé la slash commande [roles]
[05/05/2022 - 15:16:43] INFO [TANYA#8455] a utilisé la slash commande [roles]
[05/05/2022 - 15:22:01] INFO [TANYA#8455] a utilisé la slash commande [roles]
[05/05/2022 - 15:23:58] INFO [TANYA#8455] a utilisé la slash commande [roles]
[05/05/2022 - 15:26:19] INFO [TANYA#8455] a utilisé la slash commande [roles]
[05/05/2022 - 15:26:41] INFO [TANYA#8455] a utilisé la slash commande [roles]
[05/05/2022 - 15:27:27] INFO [TANYA#8455] a utilisé la slash commande [roles]
[05/05/2022 - 15:27:42] INFO [TANYA#8455] a utilisé la slash commande [roles]
[05/05/2022 - 15:28:03] INFO [TANYA#8455] a utilisé la slash commande [roles]
[05/05/2022 - 15:28:29] INFO [TANYA#8455] a utilisé la slash commande [roles]
[05/05/2022 - 15:30:00] INFO [TANYA#8455] a utilisé la slash commande [roles]
[05/05/2022 - 15:30:43] INFO [TANYA#8455] a utilisé la slash commande [roles]
[05/05/2022 - 15:31:16] INFO [TANYA#8455] a utilisé la slash commande [roles]
[05/05/2022 - 15:31:55] INFO [TANYA#8455] a utilisé la slash commande [roles]
[05/05/2022 - 15:32:21] INFO [TANYA#8455] a utilisé la slash commande [roles]
[05/05/2022 - 15:32:50] INFO [TANYA#8455] a utilisé la slash commande [roles]
[05/05/2022 - 15:34:51] INFO [TANYA#8455] a utilisé la slash commande [roles]
[05/05/2022 - 15:35:15] INFO [TANYA#8455] a utilisé la slash commande [roles]
[05/05/2022 - 15:37:48] INFO [TANYA#8455] a utilisé la slash commande [roles]
[05/05/2022 - 15:38:48] INFO [TANYA#8455] a utilisé la slash commande [roles]
[05/05/2022 - 15:39:18] INFO [TANYA#8455] a utilisé la slash commande [roles]
[05/05/2022 - 15:39:59] INFO [TANYA#8455] a utilisé la slash commande [roles]
[05/05/2022 - 15:40:23] INFO [TANYA#8455] a utilisé la slash commande [roles]
[05/05/2022 - 15:40:40] INFO [TANYA#8455] a utilisé la slash commande [roles]
[05/05/2022 - 15:41:54] INFO [TANYA#8455] a utilisé la slash commande [roles]
[05/05/2022 - 15:42:41] INFO [TANYA#8455] a utilisé la slash commande [roles]
[05/05/2022 - 15:43:59] INFO [TANYA#8455] a utilisé la slash commande [roles]
[05/05/2022 - 15:44:29] INFO [TANYA#8455] a utilisé la slash commande [roles]
[05/05/2022 - 15:45:52] INFO [TANYA#8455] a utilisé la slash commande [roles]
[05/05/2022 - 15:46:30] INFO [TANYA#8455] a utilisé la slash commande [roles]
[05/05/2022 - 15:47:17] INFO [TANYA#8455] a utilisé la slash commande [roles]
[05/05/2022 - 15:47:46] INFO [TANYA#8455] a utilisé la slash commande [roles]
[05/05/2022 - 15:48:51] INFO [TANYA#8455] a utilisé la slash commande [roles]
[05/05/2022 - 15:49:34] INFO [TANYA#8455] a utilisé la slash commande [roles]
[05/05/2022 - 15:51:28] INFO [TANYA#8455] a utilisé la slash commande [roles]
[05/05/2022 - 15:52:57] INFO [TANYA#8455] a utilisé la slash commande [roles]
[05/05/2022 - 15:54:06] INFO [TANYA#8455] a utilisé la slash commande [roles]
[05/05/2022 - 15:54:54] INFO [TANYA#8455] a utilisé la slash commande [roles]
[05/05/2022 - 15:55:14] INFO [TANYA#8455] a utilisé la slash commande [roles]
[05/05/2022 - 15:55:26] INFO [TANYA#8455] a utilisé la slash commande [roles]
[05/05/2022 - 15:56:22] INFO [TANYA#8455] a utilisé la slash commande [roles]
[05/05/2022 - 15:56:47] INFO [TANYA#8455] a utilisé la slash commande [roles]
[05/05/2022 - 15:58:11] INFO [TANYA#8455] a utilisé la slash commande [roles]
[05/05/2022 - 15:59:15] INFO [TANYA#8455] a utilisé la slash commande [roles]
[05/05/2022 - 15:59:39] INFO [TANYA#8455] a utilisé la slash commande [roles]
[05/05/2022 - 16:01:24] INFO [TANYA#8455] a utilisé la slash commande [roles]
[05/05/2022 - 18:04:31] INFO [TANYA#8455] a utilisé la slash commande [roles]
[05/05/2022 - 18:05:34] INFO [TANYA#8455] a utilisé la slash commande [roles]
[05/05/2022 - 18:10:50] INFO [TANYA#8455] a utilisé la slash commande [roles]
[05/05/2022 - 18:11:14] INFO [TANYA#8455] a utilisé la slash commande [roles]
[05/05/2022 - 18:14:08] INFO [TANYA#8455] a utilisé la slash commande [roles]
[05/05/2022 - 18:14:24] INFO [TANYA#8455] a utilisé la slash commande [roles]
[05/05/2022 - 18:15:08] INFO [TANYA#8455] a utilisé la slash commande [roles]
[05/05/2022 - 18:15:45] INFO [TANYA#8455] a utilisé la slash commande [roles]
[05/05/2022 - 18:18:02] INFO [TANYA#8455] a utilisé la slash commande [roles]
[05/05/2022 - 18:18:23] INFO [TANYA#8455] a utilisé la slash commande [roles]
[05/05/2022 - 18:19:47] INFO [TANYA#8455] a utilisé la slash commande [roles]
[05/05/2022 - 18:20:19] INFO [TANYA#8455] a utilisé la slash commande [roles]
[05/05/2022 - 18:20:42] INFO [TANYA#8455] a utilisé la slash commande [roles]
[05/05/2022 - 18:22:17] INFO [TANYA#8455] a utilisé la slash commande [roles]
[05/05/2022 - 18:22:38] INFO [TANYA#8455] a utilisé la slash commande [roles]
[05/05/2022 - 18:23:01] INFO [TANYA#8455] a utilisé la slash commande [roles]
[05/05/2022 - 18:24:48] INFO [TANYA#8455] a utilisé la slash commande [roles]
[05/05/2022 - 18:25:10] INFO [TANYA#8455] a utilisé la slash commande [roles]
[05/05/2022 - 18:25:39] INFO [TANYA#8455] a utilisé la slash commande [roles]
[05/05/2022 - 18:26:10] INFO [TANYA#8455] a utilisé la slash commande [roles]
[05/05/2022 - 18:26:58] INFO [TANYA#8455] a utilisé la slash commande [roles]
[05/05/2022 - 18:27:46] INFO [TANYA#8455] a utilisé la slash commande [roles]
[05/05/2022 - 18:30:08] INFO [TANYA#8455] a utilisé la slash commande [roles]
[05/05/2022 - 18:30:37] INFO [TANYA#8455] a utilisé la slash commande [roles]
[05/05/2022 - 18:33:04] INFO [TANYA#8455] a utilisé la slash commande [roles]
[05/05/2022 - 18:33:52] INFO [TANYA#8455] a utilisé la slash commande [roles]
[05/05/2022 - 18:35:06] INFO [TANYA#8455] a utilisé la slash commande [roles]
[05/05/2022 - 18:36:55] INFO [TANYA#8455] a utilisé la slash commande [roles]
[05/05/2022 - 18:37:29] INFO [TANYA#8455] a utilisé la slash commande [roles]
[05/05/2022 - 18:37:58] INFO [TANYA#8455] a utilisé la slash commande [roles]
[05/05/2022 - 18:39:49] INFO [TANYA#8455] a utilisé la slash commande [roles]
[05/05/2022 - 18:40:54] INFO [TANYA#8455] a utilisé la slash commande [roles]
[05/05/2022 - 18:43:36] INFO [TANYA#8455] a utilisé la slash commande [roles]
[05/05/2022 - 18:45:20] INFO [TANYA#8455] a utilisé la slash commande [roles]
[05/05/2022 - 18:45:51] INFO [TANYA#8455] a utilisé la slash commande [roles]
[05/05/2022 - 18:47:20] INFO [TANYA#8455] a utilisé la slash commande [roles]
[05/05/2022 - 18:48:56] INFO [TANYA#8455] a utilisé la slash commande [roles]
[05/05/2022 - 18:49:19] INFO [TANYA#8455] a utilisé la slash commande [roles]
[05/05/2022 - 18:50:42] INFO [TANYA#8455] a utilisé la slash commande [roles]
[06/05/2022 - 16:10:06] INFO [TANYA#8455] a utilisé la slash commande [roles]
[06/05/2022 - 16:11:14] INFO [TANYA#8455] a utilisé la slash commande [roles]
[06/05/2022 - 16:13:07] INFO [TANYA#8455] a utilisé la slash commande [roles]
[06/05/2022 - 16:15:21] INFO [TANYA#8455] a utilisé la slash commande [roles]
[06/05/2022 - 16:15:48] INFO [Volrod 忍者#0875] a utilisé la slash commande [roles]
[06/05/2022 - 16:15:48] INFO [TANYA#8455] a utilisé la slash commande [roles]
[06/05/2022 - 16:16:22] INFO [TANYA#8455] a utilisé la slash commande [roles]
[06/05/2022 - 16:20:16] INFO [TANYA#8455] a utilisé la slash commande [roles]
[06/05/2022 - 16:21:01] INFO [TANYA#8455] a utilisé la slash commande [roles]
[06/05/2022 - 16:21:53] INFO [TANYA#8455] a utilisé la slash commande [roles]
[06/05/2022 - 16:22:50] INFO [TANYA#8455] a utilisé la slash commande [roles]
[06/05/2022 - 16:26:15] INFO [TANYA#8455] a utilisé la slash commande [roles]
[06/05/2022 - 16:27:03] INFO [TANYA#8455] a utilisé la slash commande [roles]
[06/05/2022 - 16:27:52] INFO [TANYA#8455] a utilisé la slash commande [roles]
[06/05/2022 - 16:34:13] INFO [TANYA#8455] a utilisé la slash commande [roles]
[06/05/2022 - 16:35:16] INFO [TANYA#8455] a utilisé la slash commande [roles]
[06/05/2022 - 16:35:23] INFO [TANYA#8455] a utilisé la slash commande [roles]
[06/05/2022 - 16:38:18] INFO [TANYA#8455] a utilisé la slash commande [roles]
[06/05/2022 - 16:39:51] INFO [TANYA#8455] a utilisé la slash commande [roles]
[06/05/2022 - 16:43:57] INFO [TANYA#8455] a utilisé la slash commande [roles]
[13/05/2022 - 19:56:44] INFO [TANYA#8455] a utilisé la slash commande [roles]
[13/05/2022 - 19:57:31] INFO [TANYA#8455] a utilisé la slash commande [roles]
[13/05/2022 - 19:58:05] INFO [TANYA#8455] a utilisé la slash commande [roles]
[13/05/2022 - 19:59:01] INFO [TANYA#8455] a utilisé la slash commande [roles]
[13/05/2022 - 19:59:32] INFO [TANYA#8455] a utilisé la slash commande [roles]
[13/05/2022 - 20:00:49] INFO [TANYA#8455] a utilisé la slash commande [roles]
[13/05/2022 - 20:01:33] INFO [TANYA#8455] a utilisé la slash commande [roles]
[13/05/2022 - 20:03:59] INFO [TANYA#8455] a utilisé la slash commande [roles]
[13/05/2022 - 20:04:28] INFO [TANYA#8455] a utilisé la slash commande [roles]
[13/05/2022 - 20:05:03] INFO [TANYA#8455] a utilisé la slash commande [roles]
[23/05/2022 - 17:16:32] INFO [TANYA#8455] a utilisé la commande [help]
[23/05/2022 - 17:16:49] INFO [TANYA#8455] a utilisé la commande [help]
[23/05/2022 - 17:17:01] INFO [TANYA#8455] a utilisé la commande [help]
[23/05/2022 - 17:17:32] INFO [TANYA#8455] a utilisé la commande [help]
[23/05/2022 - 17:18:08] INFO [TANYA#8455] a utilisé la commande [help]
[23/05/2022 - 17:18:20] INFO [TANYA#8455] a utilisé la commande [help]
[23/05/2022 - 17:19:28] INFO [TANYA#8455] a utilisé la commande [help]
[23/05/2022 - 17:20:14] INFO [TANYA#8455] a utilisé la commande [help]
[23/05/2022 - 17:20:50] INFO [TANYA#8455] a utilisé la commande [help]
[01/08/2022 - 17:53:43] INFO [TANYA#8455] a utilisé la commande [help]
[01/08/2022 - 17:54:32] INFO [TANYA#8455] a utilisé la commande [info]
[01/08/2022 - 17:56:27] INFO [TANYA#8455] a utilisé la commande [help]
[01/08/2022 - 17:56:38] INFO [TANYA#8455] a utilisé la commande [roles]
[01/08/2022 - 17:56:52] INFO [TANYA#8455] a utilisé la commande [clear]
[01/08/2022 - 17:56:58] INFO [TANYA#8455] a utilisé la commande [roles]
[01/08/2022 - 17:58:16] INFO [TANYA#8455] a utilisé la commande [roles]
[01/08/2022 - 17:59:10] INFO [TANYA#8455] a utilisé la commande [avatar]
[07/10/2022 - 16:23:16] INFO [TANYA#8455] a utilisé la commande [avatar]
[08/10/2022 - 16:37:35] INFO [TANYA#8455] a utilisé la commande [avatar]
[08/10/2022 - 16:37:58] INFO [TANYA#8455] a utilisé la commande [avatar]
[08/10/2022 - 16:40:21] INFO [TANYA#8455] a utilisé la commande [avatar]
[08/10/2022 - 16:40:43] INFO [TANYA#8455] a utilisé la commande [avatar]
[08/10/2022 - 16:40:53] INFO [TANYA#8455] a utilisé la commande [avatar]
[08/10/2022 - 16:44:16] INFO [TANYA#8455] a utilisé la commande [clear]
[08/10/2022 - 16:44:28] INFO [TANYA#8455] a utilisé la commande [help]
[08/10/2022 - 16:52:16] INFO [TANYA#8455] a utilisé la commande [help]
[08/10/2022 - 16:52:42] INFO [TANYA#8455] a utilisé la commande [help]
[08/10/2022 - 16:53:10] INFO [TANYA#8455] a utilisé la commande [2022]
[08/10/2022 - 16:53:16] INFO [TANYA#8455] a utilisé la commande [ping]
[08/10/2022 - 16:54:24] INFO [TANYA#8455] a utilisé la commande [roles]
[08/10/2022 - 16:55:27] INFO [TANYA#8455] a utilisé la commande [roles]
[08/10/2022 - 16:56:29] INFO [TANYA#8455] a utilisé la commande [roles]
[23/10/2022 - 02:08:09] INFO [TANYA#8455] a utilisé la commande [roles]
[23/10/2022 - 02:08:52] INFO [TANYA#8455] a utilisé la commande [roles]
[23/10/2022 - 02:09:53] INFO [TANYA#8455] a utilisé la commande [roles]
[23/10/2022 - 02:10:12] INFO [TANYA#8455] a utilisé la commande [roles]
[23/10/2022 - 02:10:39] INFO [TANYA#8455] a utilisé la commande [roles]
[23/10/2022 - 02:10:57] INFO [TANYA#8455] a utilisé la commande [roles]
[23/10/2022 - 02:11:54] INFO [TANYA#8455] a utilisé la commande [roles]
[23/10/2022 - 02:14:06] INFO [TANYA#8455] a utilisé la commande [roles]
[23/10/2022 - 02:15:17] INFO [TANYA#8455] a utilisé la commande [roles]
[23/10/2022 - 02:15:40] INFO [TANYA#8455] a utilisé la commande [roles]
[23/10/2022 - 02:16:38] INFO [TANYA#8455] a utilisé la commande [roles]
[23/10/2022 - 02:16:47] INFO [TANYA#8455] a utilisé la commande [roles]
[23/10/2022 - 02:17:41] INFO [TANYA#8455] a utilisé la commande [roles]
[23/10/2022 - 02:17:49] INFO [TANYA#8455] a utilisé la commande [roles]
[23/10/2022 - 02:21:49] INFO [TANYA#8455] a utilisé la slash commande [ping]
[23/10/2022 - 02:25:11] INFO [TANYA#8455] a utilisé la slash commande [ping]
[23/10/2022 - 02:30:02] INFO [TANYA#8455] a utilisé la slash commande [ping]
[23/10/2022 - 02:30:14] INFO [TANYA#8455] a utilisé la slash commande [ping]
[23/10/2022 - 02:30:27] INFO [TANYA#8455] a utilisé la slash commande [roles]
[23/10/2022 - 02:30:50] INFO [TANYA#8455] a utilisé la slash commande [roles]
[23/10/2022 - 02:31:08] INFO [TANYA#8455] a utilisé la slash commande [roles]
[23/10/2022 - 02:31:44] INFO [TANYA#8455] a utilisé la slash commande [roles]
[23/10/2022 - 02:32:24] INFO [TANYA#8455] a utilisé la slash commande [roles]
[23/10/2022 - 02:34:22] INFO [TANYA#8455] a utilisé la slash commande [roles]
[23/10/2022 - 02:34:41] INFO [TANYA#8455] a utilisé la slash commande [roles]
[23/10/2022 - 02:34:59] INFO [TANYA#8455] a utilisé la slash commande [roles]
[23/10/2022 - 02:35:12] INFO [TANYA#8455] a utilisé la slash commande [ping]
[23/10/2022 - 02:35:45] INFO [TANYA#8455] a utilisé la slash commande [roles]
[23/10/2022 - 02:52:20] INFO [TANYA#8455] a utilisé la slash commande [roles]
[02/01/2023 - 13:44:36] INFO [TANYA#8455] a utilisé la slash commande [roles]
[02/01/2023 - 13:49:40] INFO [TANYA#8455] a utilisé la slash commande [ping]
[06/01/2023 - 03:13:38] INFO [TANYA#8455] a utilisé la commande [clear]
[06/01/2023 - 03:39:32] INFO [TANYA#8455] a utilisé la commande [clear]
[06/01/2023 - 03:43:06] INFO [TANYA#8455] a utilisé la commande [clear]
[24/01/2023 - 17:05:19] INFO [TANYA#8455] a utilisé la commande [clear]
[24/01/2023 - 17:05:27] INFO [TANYA#8455] a utilisé la commande [clear]
[24/01/2023 - 17:05:39] INFO [TANYA#8455] a utilisé la commande [clear]
[24/01/2023 - 17:05:46] INFO [TANYA#8455] a utilisé la commande [clear]
[24/01/2023 - 17:56:38] INFO [TANYA#8455] a utilisé la commande [clear]
[24/01/2023 - 17:56:47] INFO [TANYA#8455] a utilisé la commande [clear]
[24/01/2023 - 18:09:41] INFO [TANYA#8455] a utilisé la commande [clear]
[24/01/2023 - 19:15:32] INFO [TANYA#8455] a utilisé la commande [addOeuvreSFTP]
[24/01/2023 - 19:45:17] INFO [TANYA#8455] a utilisé la commande [clear]
[24/01/2023 - 19:45:23] INFO [TANYA#8455] a utilisé la commande [clear]
[24/01/2023 - 19:51:44] INFO [TANYA#8455] a utilisé la commande [addOeuvreSFTP]
[24/01/2023 - 19:53:12] INFO [TANYA#8455] a utilisé la commande [addOeuvreSFTP]
[24/01/2023 - 19:53:29] INFO [TANYA#8455] a utilisé la commande [addOeuvreSFTP]
[24/01/2023 - 19:53:59] INFO [TANYA#8455] a utilisé la commande [addOeuvreSFTP]
[24/01/2023 - 19:57:00] INFO [TANYA#8455] a utilisé la commande [addOeuvreSFTP]
[24/01/2023 - 20:19:43] INFO [TANYA#8455] a utilisé la commande [addOeuvreSFTP]
[24/01/2023 - 20:21:48] INFO [TANYA#8455] a utilisé la commande [addOeuvreSFTP]
[24/01/2023 - 20:22:45] INFO [TANYA#8455] a utilisé la commande [addOeuvreSFTP]
[24/01/2023 - 20:23:38] INFO [TANYA#8455] a utilisé la commande [addOeuvreSFTP]
[24/01/2023 - 20:24:57] INFO [TANYA#8455] a utilisé la commande [addOeuvreSFTP]
[24/01/2023 - 20:27:13] INFO [TANYA#8455] a utilisé la commande [addOeuvreSFTP]
[24/01/2023 - 20:30:04] INFO [TANYA#8455] a utilisé la commande [addOeuvreSFTP]
[24/01/2023 - 20:30:21] INFO [TANYA#8455] a utilisé la commande [addOeuvreSFTP]
[24/01/2023 - 20:31:17] INFO [TANYA#8455] a utilisé la commande [addOeuvreSFTP]
[24/01/2023 - 20:31:30] INFO [TANYA#8455] a utilisé la commande [addOeuvreSFTP]
[24/01/2023 - 22:00:00] INFO [TANYA#8455] a utilisé la commande [addOeuvreSFTP]
[24/01/2023 - 22:00:19] INFO [TANYA#8455] a utilisé la commande [addOeuvreSFTP]
[24/01/2023 - 22:01:06] INFO [TANYA#8455] a utilisé la commande [addOeuvreSFTP]
[24/01/2023 - 22:09:07] INFO [TANYA#8455] a utilisé la commande [addOeuvreSFTP]
[24/01/2023 - 22:10:01] INFO [TANYA#8455] a utilisé la commande [addOeuvreSFTP]
[24/01/2023 - 22:10:33] INFO [TANYA#8455] a utilisé la commande [addOeuvreSFTP]
[24/01/2023 - 22:10:48] INFO [TANYA#8455] a utilisé la commande [addOeuvreSFTP]
[24/01/2023 - 22:11:24] INFO [TANYA#8455] a utilisé la commande [addOeuvreSFTP]
[24/01/2023 - 22:19:57] INFO [TANYA#8455] a utilisé la commande [addOeuvreSFTP]
[24/01/2023 - 22:21:34] INFO [TANYA#8455] a utilisé la commande [addOeuvreSFTP]
[24/01/2023 - 22:29:31] INFO [TANYA#8455] a utilisé la commande [addOeuvreSFTP]
[24/01/2023 - 22:31:04] INFO [TANYA#8455] a utilisé la commande [addOeuvreSFTP]
[24/01/2023 - 22:31:37] INFO [TANYA#8455] a utilisé la commande [addOeuvreSFTP]
[24/01/2023 - 22:38:17] INFO [TANYA#8455] a utilisé la commande [addOeuvreSFTP]
[24/01/2023 - 22:40:18] INFO [TANYA#8455] a utilisé la commande [addOeuvreSFTP]
[24/01/2023 - 22:40:57] INFO [TANYA#8455] a utilisé la commande [addOeuvreSFTP]
[24/01/2023 - 22:42:05] INFO [TANYA#8455] a utilisé la commande [addOeuvreSFTP]
[24/01/2023 - 22:42:43] INFO [TANYA#8455] a utilisé la commande [addOeuvreSFTP]
[24/01/2023 - 22:43:05] INFO [TANYA#8455] a utilisé la commande [addOeuvreSFTP]
[24/01/2023 - 22:44:47] INFO [TANYA#8455] a utilisé la commande [addOeuvreSFTP]
[24/01/2023 - 22:45:26] INFO [TANYA#8455] a utilisé la commande [addOeuvreSFTP]
[24/01/2023 - 22:45:45] INFO [TANYA#8455] a utilisé la commande [addOeuvreSFTP]
[24/01/2023 - 22:46:05] INFO [TANYA#8455] a utilisé la commande [addOeuvreSFTP]
[24/01/2023 - 22:46:18] INFO [TANYA#8455] a utilisé la commande [addOeuvreSFTP]
[24/01/2023 - 22:54:59] INFO [TANYA#8455] a utilisé la commande [addOeuvreSFTP]
[24/01/2023 - 22:55:36] INFO [TANYA#8455] a utilisé la commande [addOeuvreSFTP]
[24/01/2023 - 22:56:02] INFO [TANYA#8455] a utilisé la commande [addOeuvreSFTP]
[24/01/2023 - 22:56:33] INFO [TANYA#8455] a utilisé la commande [addOeuvreSFTP]
[24/01/2023 - 23:02:03] INFO [TANYA#8455] a utilisé la commande [addOeuvreSFTP]
[24/01/2023 - 23:03:04] INFO [TANYA#8455] a utilisé la commande [addOeuvreSFTP]
[24/01/2023 - 23:03:25] INFO [TANYA#8455] a utilisé la commande [addOeuvreSFTP]
[24/01/2023 - 23:03:59] INFO [TANYA#8455] a utilisé la commande [addOeuvreSFTP]
[24/01/2023 - 23:04:11] INFO [TANYA#8455] a utilisé la commande [addOeuvreSFTP]
[24/01/2023 - 23:04:27] INFO [TANYA#8455] a utilisé la commande [addOeuvreSFTP]
[24/01/2023 - 23:04:47] INFO [TANYA#8455] a utilisé la commande [addOeuvreSFTP]
[24/01/2023 - 23:05:32] INFO [TANYA#8455] a utilisé la commande [addOeuvreSFTP]
[24/01/2023 - 23:05:56] INFO [TANYA#8455] a utilisé la commande [addOeuvreSFTP]
[24/01/2023 - 23:06:35] INFO [TANYA#8455] a utilisé la commande [addOeuvreSFTP]
[24/01/2023 - 23:07:46] INFO [TANYA#8455] a utilisé la commande [addOeuvreSFTP]
[24/01/2023 - 23:16:08] INFO [TANYA#8455] a utilisé la commande [addOeuvreSFTP]
[24/01/2023 - 23:16:39] INFO [TANYA#8455] a utilisé la commande [addOeuvreSFTP]
[24/01/2023 - 23:17:06] INFO [TANYA#8455] a utilisé la commande [addOeuvreSFTP]
[24/01/2023 - 23:17:14] INFO [TANYA#8455] a utilisé la commande [addOeuvreSFTP]
[24/01/2023 - 23:17:29] INFO [TANYA#8455] a utilisé la commande [addOeuvreSFTP]
[24/01/2023 - 23:17:39] INFO [TANYA#8455] a utilisé la commande [addOeuvreSFTP]
[24/01/2023 - 23:17:51] INFO [TANYA#8455] a utilisé la commande [addOeuvreSFTP]
[24/01/2023 - 23:18:06] INFO [TANYA#8455] a utilisé la commande [addOeuvreSFTP]
[24/01/2023 - 23:19:47] INFO [TANYA#8455] a utilisé la commande [addOeuvreSFTP]
[24/01/2023 - 23:19:56] INFO [TANYA#8455] a utilisé la commande [addOeuvreSFTP]
[24/01/2023 - 23:25:06] INFO [TANYA#8455] a utilisé la commande [addOeuvreSFTP]
[24/01/2023 - 23:25:49] INFO [TANYA#8455] a utilisé la commande [addOeuvreSFTP]
[24/01/2023 - 23:26:34] INFO [TANYA#8455] a utilisé la commande [addOeuvreSFTP]
[24/01/2023 - 23:27:22] INFO [TANYA#8455] a utilisé la commande [addOeuvreSFTP]
[24/01/2023 - 23:27:49] INFO [TANYA#8455] a utilisé la commande [addOeuvreSFTP]
[24/01/2023 - 23:29:08] INFO [TANYA#8455] a utilisé la commande [addOeuvreSFTP]
[24/01/2023 - 23:38:44] INFO [TANYA#8455] a utilisé la commande [addOeuvreSFTP]
[24/01/2023 - 23:38:50] INFO [TANYA#8455] a utilisé la commande [addOeuvreSFTP]
[24/01/2023 - 23:38:56] INFO [TANYA#8455] a utilisé la commande [addOeuvreSFTP]
[24/01/2023 - 23:39:04] INFO [TANYA#8455] a utilisé la commande [addOeuvreSFTP]
[24/01/2023 - 23:39:11] INFO [TANYA#8455] a utilisé la commande [addOeuvreSFTP]
[24/01/2023 - 23:39:17] INFO [TANYA#8455] a utilisé la commande [addOeuvreSFTP]
[24/01/2023 - 23:39:22] INFO [TANYA#8455] a utilisé la commande [addOeuvreSFTP]
[24/01/2023 - 23:39:25] INFO [TANYA#8455] a utilisé la commande [addOeuvreSFTP]
[24/01/2023 - 23:40:00] INFO [TANYA#8455] a utilisé la commande [addOeuvreSFTP]
[25/01/2023 - 01:07:31] INFO [TANYA#8455] a utilisé la commande [clear]
[25/01/2023 - 01:07:51] INFO [TANYA#8455] a utilisé la commande [clear]
[25/01/2023 - 01:32:05] INFO [TANYA#8455] a utilisé la commande [clear]
[25/01/2023 - 02:04:16] INFO [TANYA#8455] a utilisé la commande [clear]
[25/01/2023 - 02:04:22] INFO [TANYA#8455] a utilisé la commande [clear]
[25/01/2023 - 02:04:27] INFO [TANYA#8455] a utilisé la commande [clear]
[25/01/2023 - 02:04:31] INFO [TANYA#8455] a utilisé la commande [clear]
[25/01/2023 - 02:39:16] INFO [TANYA#8455] a utilisé la commande [clear]
[25/01/2023 - 09:09:23] INFO [TANYA#8455] a utilisé la commande [addOeuvreSFTP]
[25/01/2023 - 09:09:44] INFO [TANYA#8455] a utilisé la commande [addOeuvreSFTP]
[25/01/2023 - 09:11:04] INFO [TANYA#8455] a utilisé la commande [addOeuvreSFTP]
[25/01/2023 - 09:11:12] INFO [TANYA#8455] a utilisé la commande [addOeuvreSFTP]
[25/01/2023 - 09:11:20] INFO [TANYA#8455] a utilisé la commande [addOeuvreSFTP]
[25/01/2023 - 09:11:25] INFO [TANYA#8455] a utilisé la commande [addOeuvreSFTP]
[25/01/2023 - 09:11:30] INFO [TANYA#8455] a utilisé la commande [addOeuvreSFTP]
[25/01/2023 - 09:11:35] INFO [TANYA#8455] a utilisé la commande [addOeuvreSFTP]
[25/01/2023 - 09:11:40] INFO [TANYA#8455] a utilisé la commande [addOeuvreSFTP]
[25/01/2023 - 09:11:46] INFO [TANYA#8455] a utilisé la commande [addOeuvreSFTP]
[25/01/2023 - 09:11:51] INFO [TANYA#8455] a utilisé la commande [addOeuvreSFTP]
[25/01/2023 - 09:11:56] INFO [TANYA#8455] a utilisé la commande [addOeuvreSFTP]
[25/01/2023 - 09:12:04] INFO [TANYA#8455] a utilisé la commande [addOeuvreSFTP]
[25/01/2023 - 09:12:51] INFO [TANYA#8455] a utilisé la commande [addOeuvreSFTP]
[25/01/2023 - 09:12:58] INFO [TANYA#8455] a utilisé la commande [addOeuvreSFTP]
[25/01/2023 - 09:13:02] INFO [TANYA#8455] a utilisé la commande [addOeuvreSFTP]
[25/01/2023 - 09:13:07] INFO [TANYA#8455] a utilisé la commande [addOeuvreSFTP]
[25/01/2023 - 09:13:15] INFO [TANYA#8455] a utilisé la commande [addOeuvreSFTP]
[25/01/2023 - 09:21:15] INFO [TANYA#8455] a utilisé la commande [addOeuvreSFTP]
[25/01/2023 - 09:21:40] INFO [TANYA#8455] a utilisé la commande [addOeuvreSFTP]
[25/01/2023 - 09:22:00] INFO [TANYA#8455] a utilisé la commande [addOeuvreSFTP]
[25/01/2023 - 09:22:31] INFO [TANYA#8455] a utilisé la commande [addOeuvreSFTP]
[25/01/2023 - 09:23:08] INFO [TANYA#8455] a utilisé la commande [addOeuvreSFTP]
[25/01/2023 - 09:25:34] INFO [TANYA#8455] a utilisé la commande [addOeuvreSFTP]
[25/01/2023 - 09:25:58] INFO [TANYA#8455] a utilisé la commande [addOeuvreSFTP]
[25/01/2023 - 09:27:58] INFO [TANYA#8455] a utilisé la commande [addOeuvreSFTP]
[25/01/2023 - 09:41:21] INFO [TANYA#8455] a utilisé la commande [addOeuvreSFTP]
[25/01/2023 - 09:45:10] INFO [TANYA#8455] a utilisé la commande [addOeuvreSFTP]
[25/01/2023 - 09:45:35] INFO [TANYA#8455] a utilisé la commande [addOeuvreSFTP]
[25/01/2023 - 09:47:57] INFO [TANYA#8455] a utilisé la commande [addOeuvreSFTP]
[25/01/2023 - 09:50:18] INFO [TANYA#8455] a utilisé la commande [addOeuvreSFTP]
[25/01/2023 - 09:50:38] INFO [TANYA#8455] a utilisé la commande [addOeuvreSFTP]
[25/01/2023 - 09:52:09] INFO [TANYA#8455] a utilisé la commande [addOeuvreSFTP]
[25/01/2023 - 09:52:16] INFO [TANYA#8455] a utilisé la commande [addOeuvreSFTP]
[25/01/2023 - 10:05:53] INFO [TANYA#8455] a utilisé la commande [addOeuvreSFTP]
[25/01/2023 - 10:10:49] INFO [TANYA#8455] a utilisé la commande [addOeuvreSFTP]
[25/01/2023 - 10:10:58] INFO [TANYA#8455] a utilisé la commande [addOeuvreSFTP]
[25/01/2023 - 10:14:17] INFO [TANYA#8455] a utilisé la commande [addOeuvreSFTP]
[25/01/2023 - 10:16:38] INFO [TANYA#8455] a utilisé la commande [addOeuvreSFTP]
[25/01/2023 - 10:17:17] INFO [TANYA#8455] a utilisé la commande [addOeuvreSFTP]
[25/01/2023 - 10:17:49] INFO [TANYA#8455] a utilisé la commande [addOeuvreSFTP]
[25/01/2023 - 10:18:20] INFO [TANYA#8455] a utilisé la commande [addOeuvreSFTP]
[25/01/2023 - 10:18:50] INFO [TANYA#8455] a utilisé la commande [addOeuvreSFTP]
[25/01/2023 - 10:19:34] INFO [TANYA#8455] a utilisé la commande [addOeuvreSFTP]
[25/01/2023 - 10:25:21] INFO [TANYA#8455] a utilisé la commande [addOeuvreSFTP]
[25/01/2023 - 10:26:07] INFO [TANYA#8455] a utilisé la commande [addOeuvreSFTP]
[25/01/2023 - 10:26:49] INFO [TANYA#8455] a utilisé la commande [addOeuvreSFTP]
[25/01/2023 - 10:28:10] INFO [TANYA#8455] a utilisé la commande [addOeuvreSFTP]
[25/01/2023 - 10:28:39] INFO [TANYA#8455] a utilisé la commande [addOeuvreSFTP]
[25/01/2023 - 10:29:16] INFO [TANYA#8455] a utilisé la commande [addOeuvreSFTP]
[25/01/2023 - 10:29:52] INFO [TANYA#8455] a utilisé la commande [addOeuvreSFTP]
[25/01/2023 - 10:30:32] INFO [TANYA#8455] a utilisé la commande [addOeuvreSFTP]
[25/01/2023 - 19:58:57] INFO [TANYA#8455] a utilisé la commande [addOeuvreSFTP]
[25/01/2023 - 20:00:57] INFO [TANYA#8455] a utilisé la commande [addOeuvreSFTP]
[25/01/2023 - 20:01:36] INFO [TANYA#8455] a utilisé la commande [addOeuvreSFTP]
[25/01/2023 - 20:01:55] INFO [TANYA#8455] a utilisé la commande [addOeuvreSFTP]
[25/01/2023 - 20:09:47] INFO [TANYA#8455] a utilisé la commande [addOeuvreSFTP]
[25/01/2023 - 20:10:23] INFO [TANYA#8455] a utilisé la commande [addOeuvreSFTP]
[25/01/2023 - 20:10:51] INFO [TANYA#8455] a utilisé la commande [addOeuvreSFTP]
[25/01/2023 - 20:11:35] INFO [TANYA#8455] a utilisé la commande [addOeuvreSFTP]
[25/01/2023 - 20:11:56] INFO [TANYA#8455] a utilisé la commande [addOeuvreSFTP]
[25/01/2023 - 20:12:51] INFO [TANYA#8455] a utilisé la commande [addOeuvreSFTP]
[25/01/2023 - 20:13:08] INFO [TANYA#8455] a utilisé la commande [addOeuvreSFTP]
[25/01/2023 - 20:13:16] INFO [TANYA#8455] a utilisé la commande [addOeuvreSFTP]
[25/01/2023 - 20:13:50] INFO [TANYA#8455] a utilisé la commande [addOeuvreSFTP]
[25/01/2023 - 20:14:10] INFO [TANYA#8455] a utilisé la commande [addOeuvreSFTP]
[25/01/2023 - 20:15:21] INFO [TANYA#8455] a utilisé la commande [addOeuvreSFTP]
[25/01/2023 - 20:19:09] INFO [TANYA#8455] a utilisé la commande [addOeuvreSFTP]
[25/01/2023 - 20:20:14] INFO [TANYA#8455] a utilisé la commande [addOeuvreSFTP]
[25/01/2023 - 20:20:53] INFO [TANYA#8455] a utilisé la commande [addOeuvreSFTP]
[25/01/2023 - 20:20:59] INFO [TANYA#8455] a utilisé la commande [addOeuvreSFTP]
[25/01/2023 - 20:21:04] INFO [TANYA#8455] a utilisé la commande [addOeuvreSFTP]
[25/01/2023 - 20:21:08] INFO [TANYA#8455] a utilisé la commande [addOeuvreSFTP]
[25/01/2023 - 20:21:13] INFO [TANYA#8455] a utilisé la commande [addOeuvreSFTP]
[25/01/2023 - 20:21:16] INFO [TANYA#8455] a utilisé la commande [addOeuvreSFTP]
[25/01/2023 - 20:21:20] INFO [TANYA#8455] a utilisé la commande [addOeuvreSFTP]
[25/01/2023 - 20:21:25] INFO [TANYA#8455] a utilisé la commande [addOeuvreSFTP]
[25/01/2023 - 20:21:29] INFO [TANYA#8455] a utilisé la commande [addOeuvreSFTP]
[25/01/2023 - 20:21:32] INFO [TANYA#8455] a utilisé la commande [addOeuvreSFTP]
[25/01/2023 - 20:21:37] INFO [TANYA#8455] a utilisé la commande [addOeuvreSFTP]
[25/01/2023 - 20:21:41] INFO [TANYA#8455] a utilisé la commande [addOeuvreSFTP]
[25/01/2023 - 20:21:45] INFO [TANYA#8455] a utilisé la commande [addOeuvreSFTP]
[25/01/2023 - 20:21:48] INFO [TANYA#8455] a utilisé la commande [addOeuvreSFTP]
[25/01/2023 - 20:21:53] INFO [TANYA#8455] a utilisé la commande [addOeuvreSFTP]
[25/01/2023 - 20:21:56] INFO [TANYA#8455] a utilisé la commande [addOeuvreSFTP]
[25/01/2023 - 20:21:59] INFO [TANYA#8455] a utilisé la commande [addOeuvreSFTP]
[25/01/2023 - 20:22:05] INFO [TANYA#8455] a utilisé la commande [addOeuvreSFTP]
[25/01/2023 - 20:45:19] INFO [TANYA#8455] a utilisé la slash commande [roles]
[25/01/2023 - 20:58:13] INFO [TANYA#8455] a utilisé la slash commande [roles]
[25/01/2023 - 21:01:09] INFO [TANYA#8455] a utilisé la slash commande [roles]
[25/01/2023 - 21:10:19] INFO [TANYA#8455] a utilisé la slash commande [roles]
[25/01/2023 - 21:16:35] INFO [TANYA#8455] a utilisé la slash commande [roles]
[25/01/2023 - 21:16:54] INFO [TANYA#8455] a utilisé la slash commande [roles]
[25/01/2023 - 21:33:43] INFO [TANYA#8455] a utilisé la slash commande [roles]
[25/01/2023 - 21:39:54] INFO [TANYA#8455] a utilisé la slash commande [roles]
[25/01/2023 - 21:40:56] INFO [TANYA#8455] a utilisé la slash commande [roles]
[25/01/2023 - 21:42:37] INFO [TANYA#8455] a utilisé la slash commande [roles]
[25/01/2023 - 21:43:24] INFO [TANYA#8455] a utilisé la slash commande [roles]
[25/01/2023 - 21:46:29] INFO [TANYA#8455] a utilisé la slash commande [roles]
[25/01/2023 - 21:46:57] INFO [TANYA#8455] a utilisé la slash commande [roles]
[25/01/2023 - 21:57:28] INFO [TANYA#8455] a utilisé la slash commande [roles]
[25/01/2023 - 21:57:47] INFO [TANYA#8455] a utilisé la slash commande [roles]
[25/01/2023 - 21:58:18] INFO [TANYA#8455] a utilisé la slash commande [roles]
[25/01/2023 - 21:59:02] INFO [TANYA#8455] a utilisé la slash commande [roles]
[25/01/2023 - 22:00:13] INFO [TANYA#8455] a utilisé la slash commande [roles]
[25/01/2023 - 22:00:41] INFO [TANYA#8455] a utilisé la slash commande [roles]
[25/01/2023 - 22:01:02] INFO [TANYA#8455] a utilisé la slash commande [roles]
[25/01/2023 - 22:01:24] INFO [TANYA#8455] a utilisé la slash commande [roles]
[25/01/2023 - 22:01:58] INFO [TANYA#8455] a utilisé la slash commande [roles]
[25/01/2023 - 22:02:21] INFO [TANYA#8455] a utilisé la slash commande [roles]
[25/01/2023 - 22:02:40] INFO [TANYA#8455] a utilisé la slash commande [roles]
[25/01/2023 - 22:03:56] INFO [TANYA#8455] a utilisé la slash commande [roles]
[25/01/2023 - 22:04:36] INFO [TANYA#8455] a utilisé la slash commande [roles]
[25/01/2023 - 22:06:21] INFO [TANYA#8455] a utilisé la slash commande [roles]
[25/01/2023 - 22:08:01] INFO [TANYA#8455] a utilisé la slash commande [roles]
[25/01/2023 - 22:10:12] INFO [TANYA#8455] a utilisé la slash commande [roles]
[25/01/2023 - 22:10:47] INFO [TANYA#8455] a utilisé la slash commande [roles]
[25/01/2023 - 22:11:40] INFO [TANYA#8455] a utilisé la slash commande [roles]
[25/01/2023 - 22:12:42] INFO [TANYA#8455] a utilisé la slash commande [roles]
[25/01/2023 - 22:13:21] INFO [TANYA#8455] a utilisé la slash commande [roles]
[25/01/2023 - 22:14:56] INFO [TANYA#8455] a utilisé la slash commande [roles]
[25/01/2023 - 22:16:05] INFO [TANYA#8455] a utilisé la slash commande [roles]
[25/01/2023 - 22:17:03] INFO [TANYA#8455] a utilisé la slash commande [roles]
[25/01/2023 - 22:18:08] INFO [TANYA#8455] a utilisé la slash commande [roles]
[25/01/2023 - 22:22:16] INFO [TANYA#8455] a utilisé la slash commande [roles]
[25/01/2023 - 22:24:28] INFO [TANYA#8455] a utilisé la slash commande [roles]
[25/01/2023 - 22:24:54] INFO [TANYA#8455] a utilisé la slash commande [roles]
[25/01/2023 - 22:25:51] INFO [TANYA#8455] a utilisé la slash commande [roles]
[25/01/2023 - 22:27:34] INFO [TANYA#8455] a utilisé la slash commande [roles]
[25/01/2023 - 22:28:33] INFO [TANYA#8455] a utilisé la slash commande [roles]
[25/01/2023 - 22:28:57] INFO [TANYA#8455] a utilisé la slash commande [roles]
[25/01/2023 - 22:34:01] INFO [TANYA#8455] a utilisé la slash commande [roles]
[25/01/2023 - 22:35:12] INFO [TANYA#8455] a utilisé la slash commande [roles]
[25/01/2023 - 22:35:21] INFO [TANYA#8455] a utilisé la slash commande [roles]
[25/01/2023 - 22:37:09] INFO [TANYA#8455] a utilisé la slash commande [roles]
[25/01/2023 - 22:41:58] INFO [TANYA#8455] a utilisé la slash commande [roles]
[25/01/2023 - 22:42:36] INFO [TANYA#8455] a utilisé la slash commande [roles]
[25/01/2023 - 22:43:01] INFO [TANYA#8455] a utilisé la slash commande [roles]
[25/01/2023 - 22:43:29] INFO [TANYA#8455] a utilisé la slash commande [roles]
[25/01/2023 - 22:43:45] INFO [TANYA#8455] a utilisé la slash commande [roles]
[25/01/2023 - 22:44:01] INFO [TANYA#8455] a utilisé la slash commande [roles]
[25/01/2023 - 22:46:02] INFO [TANYA#8455] a utilisé la slash commande [roles]
[25/01/2023 - 22:46:46] INFO [TANYA#8455] a utilisé la slash commande [roles]
[25/01/2023 - 22:50:42] INFO [TANYA#8455] a utilisé la slash commande [roles]
[25/01/2023 - 22:51:13] INFO [TANYA#8455] a utilisé la slash commande [roles]
[25/01/2023 - 22:51:33] INFO [TANYA#8455] a utilisé la slash commande [roles]
[25/01/2023 - 22:52:07] INFO [TANYA#8455] a utilisé la slash commande [roles]
[25/01/2023 - 22:53:24] INFO [TANYA#8455] a utilisé la slash commande [roles]
[25/01/2023 - 22:53:32] INFO [TANYA#8455] a utilisé la slash commande [roles]
[25/01/2023 - 22:53:50] INFO [TANYA#8455] a utilisé la slash commande [roles]
[25/01/2023 - 23:13:50] INFO [TANYA#8455] a utilisé la slash commande [roles]
[25/01/2023 - 23:15:12] INFO [TANYA#8455] a utilisé la slash commande [roles]
[25/01/2023 - 23:16:00] INFO [TANYA#8455] a utilisé la slash commande [roles]
[25/01/2023 - 23:19:58] INFO [TANYA#8455] a utilisé la slash commande [roles]
[25/01/2023 - 23:20:24] INFO [TANYA#8455] a utilisé la slash commande [roles]
[25/01/2023 - 23:22:47] INFO [TANYA#8455] a utilisé la slash commande [roles]
[25/01/2023 - 23:31:11] INFO [TANYA#8455] a utilisé la slash commande [roles]
[25/01/2023 - 23:31:35] INFO [TANYA#8455] a utilisé la slash commande [roles]
[25/01/2023 - 23:31:55] INFO [TANYA#8455] a utilisé la slash commande [roles]
[25/01/2023 - 23:32:09] INFO [TANYA#8455] a utilisé la slash commande [roles]
[25/01/2023 - 23:32:24] INFO [TANYA#8455] a utilisé la slash commande [roles]
[25/01/2023 - 23:41:45] INFO [TANYA#8455] a utilisé la slash commande [roles]
[25/01/2023 - 23:42:25] INFO [TANYA#8455] a utilisé la slash commande [roles]
[25/01/2023 - 23:43:55] INFO [TANYA#8455] a utilisé la slash commande [roles]
[25/01/2023 - 23:44:12] INFO [TANYA#8455] a utilisé la slash commande [roles]
[25/01/2023 - 23:44:57] INFO [TANYA#8455] a utilisé la slash commande [roles]
[25/01/2023 - 23:46:45] INFO [TANYA#8455] a utilisé la slash commande [roles]
[25/01/2023 - 23:47:06] INFO [TANYA#8455] a utilisé la slash commande [roles]
[25/01/2023 - 23:47:32] INFO [TANYA#8455] a utilisé la slash commande [roles]
[25/01/2023 - 23:48:52] INFO [TANYA#8455] a utilisé la slash commande [roles]
[25/01/2023 - 23:50:09] INFO [TANYA#8455] a utilisé la slash commande [roles]
[25/01/2023 - 23:50:45] INFO [TANYA#8455] a utilisé la slash commande [roles]
[25/01/2023 - 23:51:30] INFO [TANYA#8455] a utilisé la slash commande [roles]
[25/01/2023 - 23:52:11] INFO [TANYA#8455] a utilisé la slash commande [roles]
[25/01/2023 - 23:54:07] INFO [TANYA#8455] a utilisé la slash commande [roles]
[25/01/2023 - 23:54:38] INFO [TANYA#8455] a utilisé la slash commande [roles]
[25/01/2023 - 23:55:01] INFO [TANYA#8455] a utilisé la slash commande [roles]
[25/01/2023 - 23:57:17] INFO [TANYA#8455] a utilisé la slash commande [roles]
[25/01/2023 - 23:58:17] INFO [TANYA#8455] a utilisé la slash commande [roles]
[26/01/2023 - 00:00:03] INFO [TANYA#8455] a utilisé la slash commande [roles]
[26/01/2023 - 00:00:36] INFO [TANYA#8455] a utilisé la slash commande [roles]
[26/01/2023 - 00:00:58] INFO [TANYA#8455] a utilisé la slash commande [roles]
[26/01/2023 - 00:02:22] INFO [TANYA#8455] a utilisé la slash commande [roles]
[26/01/2023 - 00:03:15] INFO [TANYA#8455] a utilisé la slash commande [roles]
[26/01/2023 - 00:04:32] INFO [TANYA#8455] a utilisé la slash commande [roles]
[26/01/2023 - 00:05:12] INFO [TANYA#8455] a utilisé la slash commande [roles]
[26/01/2023 - 00:06:48] INFO [TANYA#8455] a utilisé la slash commande [roles]
[26/01/2023 - 00:08:55] INFO [TANYA#8455] a utilisé la slash commande [roles]
[26/01/2023 - 00:15:18] INFO [TANYA#8455] a utilisé la slash commande [roles]
[26/01/2023 - 00:15:47] INFO [TANYA#8455] a utilisé la slash commande [roles]
[26/01/2023 - 00:16:19] INFO [TANYA#8455] a utilisé la slash commande [roles]
[26/01/2023 - 00:18:17] INFO [TANYA#8455] a utilisé la slash commande [roles]
[26/01/2023 - 00:18:33] INFO [TANYA#8455] a utilisé la slash commande [roles]
[26/01/2023 - 00:26:26] INFO [TANYA#8455] a utilisé la slash commande [roles]
[26/01/2023 - 00:26:47] INFO [TANYA#8455] a utilisé la slash commande [roles]
[26/01/2023 - 00:39:06] INFO [TANYA#8455] a utilisé la slash commande [roles]
[26/01/2023 - 00:40:58] INFO [TANYA#8455] a utilisé la slash commande [roles]
[26/01/2023 - 00:48:21] INFO [TANYA#8455] a utilisé la slash commande [roles]
[26/01/2023 - 00:48:42] INFO [TANYA#8455] a utilisé la slash commande [roles]
[26/01/2023 - 00:49:12] INFO [TANYA#8455] a utilisé la slash commande [roles]
[26/01/2023 - 00:51:22] INFO [TANYA#8455] a utilisé la slash commande [roles]
[26/01/2023 - 00:51:49] INFO [TANYA#8455] a utilisé la slash commande [roles]
[26/01/2023 - 00:54:07] INFO [TANYA#8455] a utilisé la slash commande [roles]
[26/01/2023 - 00:54:30] INFO [TANYA#8455] a utilisé la slash commande [roles]
[26/01/2023 - 00:54:44] INFO [TANYA#8455] a utilisé la slash commande [roles]
[26/01/2023 - 00:55:27] INFO [TANYA#8455] a utilisé la slash commande [roles]
[26/01/2023 - 00:55:47] INFO [TANYA#8455] a utilisé la slash commande [roles]
[26/01/2023 - 00:56:38] INFO [TANYA#8455] a utilisé la slash commande [roles]
[26/01/2023 - 00:57:35] INFO [TANYA#8455] a utilisé la slash commande [roles]
[26/01/2023 - 01:00:01] INFO [TANYA#8455] a utilisé la slash commande [roles]
[26/01/2023 - 01:09:35] INFO [TANYA#8455] a utilisé la slash commande [roles]
[26/01/2023 - 01:10:28] INFO [TANYA#8455] a utilisé la slash commande [roles]
[26/01/2023 - 01:11:08] INFO [TANYA#8455] a utilisé la slash commande [roles]
[26/01/2023 - 01:11:48] INFO [TANYA#8455] a utilisé la slash commande [roles]
[26/01/2023 - 01:12:55] INFO [TANYA#8455] a utilisé la slash commande [roles]
[26/01/2023 - 01:13:35] INFO [TANYA#8455] a utilisé la slash commande [roles]
[26/01/2023 - 01:23:13] INFO [TANYA#8455] a utilisé la slash commande [roles]
[26/01/2023 - 01:24:34] INFO [TANYA#8455] a utilisé la slash commande [roles]
[26/01/2023 - 01:27:52] INFO [TANYA#8455] a utilisé la slash commande [roles]
[26/01/2023 - 01:29:52] INFO [TANYA#8455] a utilisé la slash commande [roles]
[26/01/2023 - 01:30:19] INFO [TANYA#8455] a utilisé la slash commande [roles]
[26/01/2023 - 01:37:46] INFO [TANYA#8455] a utilisé la slash commande [roles]
[26/01/2023 - 01:37:57] INFO [TANYA#8455] a utilisé la slash commande [roles]
[26/01/2023 - 01:38:20] INFO [TANYA#8455] a utilisé la slash commande [roles]
[26/01/2023 - 01:39:00] INFO [TANYA#8455] a utilisé la slash commande [roles]
[26/01/2023 - 01:39:47] INFO [TANYA#8455] a utilisé la slash commande [roles]
[26/01/2023 - 01:40:43] INFO [TANYA#8455] a utilisé la slash commande [roles]
[26/01/2023 - 01:41:07] INFO [TANYA#8455] a utilisé la slash commande [roles]
[26/01/2023 - 02:17:34] INFO [TANYA#8455] a utilisé la slash commande [roles]
[26/01/2023 - 02:23:20] INFO [TANYA#8455] a utilisé la slash commande [roles]
[26/01/2023 - 02:23:44] INFO [TANYA#8455] a utilisé la slash commande [roles]
[26/01/2023 - 02:24:34] INFO [TANYA#8455] a utilisé la slash commande [roles]
[26/01/2023 - 02:30:38] INFO [TANYA#8455] a utilisé la slash commande [roles]
[26/01/2023 - 02:31:10] INFO [TANYA#8455] a utilisé la slash commande [roles]
[26/01/2023 - 02:32:29] INFO [TANYA#8455] a utilisé la slash commande [roles]
[26/01/2023 - 02:32:49] INFO [TANYA#8455] a utilisé la slash commande [roles]
[26/01/2023 - 02:40:31] INFO [TANYA#8455] a utilisé la slash commande [roles]
[26/01/2023 - 02:40:48] INFO [TANYA#8455] a utilisé la slash commande [roles]
[26/01/2023 - 02:42:24] INFO [TANYA#8455] a utilisé la slash commande [roles]
[26/01/2023 - 02:42:37] INFO [TANYA#8455] a utilisé la slash commande [roles]
[26/01/2023 - 02:42:42] INFO [TANYA#8455] a utilisé la slash commande [roles]
[26/01/2023 - 02:43:37] INFO [TANYA#8455] a utilisé la slash commande [roles]
[26/01/2023 - 02:45:27] INFO [TANYA#8455] a utilisé la slash commande [roles]
[26/01/2023 - 02:46:26] INFO [TANYA#8455] a utilisé la slash commande [roles]
[26/01/2023 - 02:46:57] INFO [TANYA#8455] a utilisé la slash commande [roles]
[26/01/2023 - 02:48:10] INFO [TANYA#8455] a utilisé la slash commande [roles]
[26/01/2023 - 02:56:12] INFO [TANYA#8455] a utilisé la slash commande [roles]
[26/01/2023 - 19:55:25] INFO [TANYA#8455] a utilisé la slash commande [roles]
[26/01/2023 - 19:56:13] INFO [TANYA#8455] a utilisé la slash commande [roles]
[26/01/2023 - 19:56:40] INFO [TANYA#8455] a utilisé la slash commande [roles]
[26/01/2023 - 20:00:21] INFO [TANYA#8455] a utilisé la slash commande [roles]
[26/01/2023 - 20:04:03] INFO [TANYA#8455] a utilisé la slash commande [roles]
[26/01/2023 - 21:43:07] INFO [TANYA#8455] a utilisé la commande [help]
[27/01/2023 - 03:55:00] INFO [TANYA#8455] a utilisé la commande [clear]
[27/01/2023 - 03:55:09] INFO [TANYA#8455] a utilisé la commande [clear]
[27/01/2023 - 03:55:22] INFO [TANYA#8455] a utilisé la commande [clear]
[27/01/2023 - 03:55:31] INFO [TANYA#8455] a utilisé la commande [clear]
[28/01/2023 - 17:45:20] INFO [TANYA#8455] a utilisé la commande [clear]
[28/01/2023 - 17:45:26] INFO [TANYA#8455] a utilisé la commande [clear]
[28/01/2023 - 20:19:20] INFO [TANYA#8455] a utilisé la commande [clear]
[30/01/2023 - 01:09:30] INFO [TANYA#8455] a utilisé la commande [addOeuvreSFTP]
[30/01/2023 - 01:10:16] INFO [TANYA#8455] a utilisé la commande [addOeuvreSFTP]
[30/01/2023 - 01:10:46] INFO [TANYA#8455] a utilisé la commande [addOeuvreSFTP]
[30/01/2023 - 01:11:45] INFO [TANYA#8455] a utilisé la commande [addOeuvreSFTP]
[30/01/2023 - 01:13:04] INFO [TANYA#8455] a utilisé la commande [addOeuvreSFTP]
[30/01/2023 - 01:16:09] INFO [TANYA#8455] a utilisé la commande [addOeuvreSFTP]
[30/01/2023 - 15:43:07] INFO [TANYA#8455] a utilisé la commande [addOeuvreSFTP]
[30/01/2023 - 15:44:19] INFO [TANYA#8455] a utilisé la commande [addOeuvreSFTP]
[30/01/2023 - 15:47:13] INFO [TANYA#8455] a utilisé la commande [addOeuvreSFTP]
[30/01/2023 - 16:08:04] INFO [TANYA#8455] a utilisé la commande [addOeuvreSFTP]
[30/01/2023 - 16:09:35] INFO [TANYA#8455] a utilisé la commande [addOeuvreSFTP]
[30/01/2023 - 16:10:54] INFO [TANYA#8455] a utilisé la commande [addOeuvreSFTP]
[30/01/2023 - 16:11:21] INFO [TANYA#8455] a utilisé la commande [addOeuvreSFTP]
[30/01/2023 - 16:15:45] INFO [TANYA#8455] a utilisé la commande [addOeuvreSFTP]
[30/01/2023 - 16:19:16] INFO [TANYA#8455] a utilisé la commande [addOeuvreSFTP]
[30/01/2023 - 16:22:36] INFO [TANYA#8455] a utilisé la commande [addOeuvreSFTP]
[30/01/2023 - 16:23:08] INFO [TANYA#8455] a utilisé la commande [addOeuvreSFTP]
[30/01/2023 - 16:25:38] INFO [TANYA#8455] a utilisé la commande [addOeuvreSFTP]
[30/01/2023 - 16:29:10] INFO [TANYA#8455] a utilisé la commande [addOeuvreSFTP]
[30/01/2023 - 16:29:50] INFO [TANYA#8455] a utilisé la commande [addOeuvreSFTP]
[30/01/2023 - 16:30:49] INFO [TANYA#8455] a utilisé la commande [addOeuvreSFTP]
[30/01/2023 - 16:32:04] INFO [TANYA#8455] a utilisé la commande [addOeuvreSFTP]
[30/01/2023 - 16:38:58] INFO [TANYA#8455] a utilisé la commande [addOeuvreSFTP]
[30/01/2023 - 16:40:04] INFO [TANYA#8455] a utilisé la commande [addOeuvreSFTP]
[30/01/2023 - 16:41:31] INFO [TANYA#8455] a utilisé la commande [addOeuvreSFTP]
[30/01/2023 - 16:42:37] INFO [TANYA#8455] a utilisé la commande [addOeuvreSFTP]
[30/01/2023 - 16:43:05] INFO [TANYA#8455] a utilisé la commande [addOeuvreSFTP]
[30/01/2023 - 16:43:48] INFO [TANYA#8455] a utilisé la commande [clear]
[30/01/2023 - 16:43:56] INFO [TANYA#8455] a utilisé la commande [addOeuvreSFTP]
[30/01/2023 - 16:46:40] INFO [TANYA#8455] a utilisé la commande [addOeuvreSFTP]
[30/01/2023 - 16:47:18] INFO [TANYA#8455] a utilisé la commande [addOeuvreSFTP]
[30/01/2023 - 16:54:33] INFO [TANYA#8455] a utilisé la commande [addOeuvreSFTP]
[30/01/2023 - 16:57:18] INFO [TANYA#8455] a utilisé la commande [addOeuvreSFTP]
[30/01/2023 - 16:57:26] INFO [TANYA#8455] a utilisé la commande [addOeuvreSFTP]
[30/01/2023 - 16:59:02] INFO [TANYA#8455] a utilisé la commande [addOeuvreSFTP]
[13/02/2023 - 19:53:39] INFO [TANYA#8455] a utilisé la commande [clear]
[13/02/2023 - 20:22:59] INFO [TANYA#8455] a utilisé la commande [clear]
[13/02/2023 - 21:29:50] INFO [TANYA#8455] a utilisé la commande [clear]
[13/02/2023 - 23:13:08] INFO [TANYA#8455] a utilisé la commande [clear]
[14/02/2023 - 00:13:37] INFO [TANYA#8455] a utilisé la commande [clear]
[03/03/2023 - 23:43:44] INFO [TANYA#8455] a utilisé la commande [request]
[03/03/2023 - 23:44:29] INFO [TANYA#8455] a utilisé la commande [request]
[03/03/2023 - 23:44:59] INFO [TANYA#8455] a utilisé la commande [request]
[03/03/2023 - 23:48:31] INFO [TANYA#8455] a utilisé la commande [request]
[03/03/2023 - 23:48:53] INFO [TANYA#8455] a utilisé la commande [request]
[03/03/2023 - 23:50:21] INFO [TANYA#8455] a utilisé la commande [request]
[03/03/2023 - 23:51:09] INFO [TANYA#8455] a utilisé la commande [request]
[03/03/2023 - 23:54:14] INFO [TANYA#8455] a utilisé la commande [request]
[03/03/2023 - 23:54:36] INFO [TANYA#8455] a utilisé la commande [request]
[03/03/2023 - 23:54:58] INFO [TANYA#8455] a utilisé la commande [request]
[03/03/2023 - 23:55:16] INFO [TANYA#8455] a utilisé la commande [request]
[03/03/2023 - 23:58:09] INFO [TANYA#8455] a utilisé la commande [request]
[03/03/2023 - 23:58:30] INFO [TANYA#8455] a utilisé la commande [request]
[03/03/2023 - 23:58:54] INFO [TANYA#8455] a utilisé la commande [request]
[03/03/2023 - 23:59:28] INFO [TANYA#8455] a utilisé la commande [request]
[04/03/2023 - 00:00:46] INFO [TANYA#8455] a utilisé la commande [request]
[10/07/2023 - 04:02:46] INFO [untanya#0] a utilisé la slash commande [random]
[10/07/2023 - 04:04:59] INFO [untanya#0] a utilisé la slash commande [random]
[10/07/2023 - 04:05:30] INFO [untanya#0] a utilisé la slash commande [random]
[10/07/2023 - 04:06:01] INFO [untanya#0] a utilisé la slash commande [random]
[10/07/2023 - 04:07:11] INFO [untanya#0] a utilisé la slash commande [random]
[26/08/2023 - 23:02:42] INFO [untanya#0] a utilisé la slash commande [random]
[27/08/2023 - 16:19:02] INFO [untanya#0] a utilisé la slash commande [random]
[27/08/2023 - 16:19:44] INFO [untanya#0] a utilisé la slash commande [random]
[27/08/2023 - 16:20:34] INFO [untanya#0] a utilisé la slash commande [random]
[27/08/2023 - 16:20:54] INFO [untanya#0] a utilisé la slash commande [random]
[27/08/2023 - 16:23:32] INFO [untanya#0] a utilisé la slash commande [random]
[27/08/2023 - 16:24:17] INFO [untanya#0] a utilisé la slash commande [random]
[27/08/2023 - 16:25:46] INFO [untanya#0] a utilisé la slash commande [random]
[27/08/2023 - 22:34:13] INFO [untanya#0] a utilisé la slash commande [random]
[27/08/2023 - 22:34:36] INFO [untanya#0] a utilisé la slash commande [random]
[27/08/2023 - 22:35:33] INFO [untanya#0] a utilisé la slash commande [random]
[27/08/2023 - 22:40:42] INFO [untanya#0] a utilisé la slash commande [random]
[27/08/2023 - 22:41:07] INFO [untanya#0] a utilisé la slash commande [random]
[27/08/2023 - 22:45:08] INFO [untanya#0] a utilisé la slash commande [random]
[27/08/2023 - 22:49:06] INFO [untanya#0] a utilisé la slash commande [random]
[27/08/2023 - 22:55:50] INFO [untanya#0] a utilisé la slash commande [random]
[27/08/2023 - 22:58:48] INFO [untanya#0] a utilisé la slash commande [random]
[27/08/2023 - 22:59:56] INFO [untanya#0] a utilisé la slash commande [random]
[27/08/2023 - 23:12:18] INFO [untanya#0] a utilisé la slash commande [random]
[27/08/2023 - 23:13:08] INFO [untanya#0] a utilisé la slash commande [random]
[27/08/2023 - 23:15:34] INFO [untanya#0] a utilisé la slash commande [random]
[27/08/2023 - 23:26:33] INFO [untanya#0] a utilisé la slash commande [random]
[27/08/2023 - 23:26:57] INFO [untanya#0] a utilisé la slash commande [random]
[27/08/2023 - 23:28:04] INFO [untanya#0] a utilisé la slash commande [random]
[27/08/2023 - 23:28:16] INFO [untanya#0] a utilisé la slash commande [random]
[27/08/2023 - 23:29:50] INFO [untanya#0] a utilisé la slash commande [random]
[27/08/2023 - 23:30:14] INFO [untanya#0] a utilisé la slash commande [random]
[27/08/2023 - 23:37:00] INFO [untanya#0] a utilisé la slash commande [random]
[27/08/2023 - 23:37:24] INFO [untanya#0] a utilisé la slash commande [random]
[27/08/2023 - 23:40:39] INFO [untanya#0] a utilisé la slash commande [random]
[27/08/2023 - 23:41:14] INFO [untanya#0] a utilisé la slash commande [random]
[27/08/2023 - 23:46:39] INFO [untanya#0] a utilisé la slash commande [random]
[27/08/2023 - 23:47:10] INFO [untanya#0] a utilisé la slash commande [random]
[27/08/2023 - 23:47:48] INFO [untanya#0] a utilisé la slash commande [random]
[27/08/2023 - 23:48:45] INFO [untanya#0] a utilisé la slash commande [random]
[27/08/2023 - 23:49:02] INFO [untanya#0] a utilisé la slash commande [random]
[27/08/2023 - 23:50:13] INFO [untanya#0] a utilisé la slash commande [random]
[27/08/2023 - 23:50:38] INFO [untanya#0] a utilisé la slash commande [random]
[27/08/2023 - 23:50:52] INFO [untanya#0] a utilisé la slash commande [random]
[27/08/2023 - 23:51:28] INFO [untanya#0] a utilisé la slash commande [random]
[27/08/2023 - 23:52:06] INFO [untanya#0] a utilisé la slash commande [random]
[27/08/2023 - 23:52:53] INFO [untanya#0] a utilisé la slash commande [random]
[27/08/2023 - 23:53:32] INFO [untanya#0] a utilisé la slash commande [random]
[27/08/2023 - 23:54:10] INFO [untanya#0] a utilisé la slash commande [random]
[27/08/2023 - 23:57:13] INFO [untanya#0] a utilisé la slash commande [random]
[27/08/2023 - 23:57:41] INFO [untanya#0] a utilisé la slash commande [random]
[27/08/2023 - 23:58:27] INFO [untanya#0] a utilisé la slash commande [random]
[28/08/2023 - 00:02:18] INFO [untanya#0] a utilisé la slash commande [random]
[28/08/2023 - 00:05:35] INFO [untanya#0] a utilisé la slash commande [random]
[28/08/2023 - 00:07:09] INFO [untanya#0] a utilisé la slash commande [random]
[28/08/2023 - 00:07:36] INFO [untanya#0] a utilisé la slash commande [random]
[28/08/2023 - 00:08:18] INFO [untanya#0] a utilisé la slash commande [random]
[28/08/2023 - 00:08:56] INFO [untanya#0] a utilisé la slash commande [random]
[28/08/2023 - 00:09:31] INFO [untanya#0] a utilisé la slash commande [random]
[28/08/2023 - 00:09:50] INFO [untanya#0] a utilisé la slash commande [random]
[28/08/2023 - 00:10:12] INFO [untanya#0] a utilisé la slash commande [random]
[28/08/2023 - 00:11:14] INFO [untanya#0] a utilisé la slash commande [random]
[28/08/2023 - 00:12:40] INFO [untanya#0] a utilisé la slash commande [random]
[28/08/2023 - 00:13:31] INFO [untanya#0] a utilisé la slash commande [random]
[28/08/2023 - 00:14:45] INFO [untanya#0] a utilisé la slash commande [random]
[28/08/2023 - 00:21:01] INFO [untanya#0] a utilisé la slash commande [random]
[28/08/2023 - 00:21:24] INFO [untanya#0] a utilisé la slash commande [random]
[28/08/2023 - 00:21:57] INFO [untanya#0] a utilisé la slash commande [random]
[28/08/2023 - 00:22:24] INFO [untanya#0] a utilisé la slash commande [random]
[28/08/2023 - 00:26:59] INFO [untanya#0] a utilisé la slash commande [random]
[28/08/2023 - 00:28:00] INFO [untanya#0] a utilisé la slash commande [random]
[28/08/2023 - 00:28:50] INFO [untanya#0] a utilisé la slash commande [random]
[28/08/2023 - 00:31:23] INFO [untanya#0] a utilisé la slash commande [random]
[28/08/2023 - 00:36:17] INFO [untanya#0] a utilisé la slash commande [random]
[28/08/2023 - 00:37:24] INFO [untanya#0] a utilisé la slash commande [random]
[28/08/2023 - 00:38:59] INFO [untanya#0] a utilisé la slash commande [random]
[28/08/2023 - 00:43:11] INFO [untanya#0] a utilisé la slash commande [random]
[28/08/2023 - 00:45:48] INFO [untanya#0] a utilisé la slash commande [random]
[28/08/2023 - 00:46:03] INFO [untanya#0] a utilisé la slash commande [random]
[28/08/2023 - 00:51:08] INFO [untanya#0] a utilisé la slash commande [random]
[28/08/2023 - 00:51:36] INFO [untanya#0] a utilisé la slash commande [random]
[28/08/2023 - 00:51:44] INFO [untanya#0] a utilisé la slash commande [random]
[28/08/2023 - 00:51:54] INFO [untanya#0] a utilisé la slash commande [random]
[28/08/2023 - 00:59:28] INFO [untanya#0] a utilisé la slash commande [random]
[28/08/2023 - 00:59:41] INFO [untanya#0] a utilisé la slash commande [random]
[28/08/2023 - 00:59:55] INFO [untanya#0] a utilisé la slash commande [random]
[28/08/2023 - 01:00:03] INFO [untanya#0] a utilisé la slash commande [random]
[28/08/2023 - 01:00:09] INFO [untanya#0] a utilisé la slash commande [random]
